[2023-03-16 20:24:19,251][rl][INFO][color_logger.py:203] Logfile: /s3d/logs/rl.log
[2023-03-16 20:24:28,575][rl][INFO][bo_advisor.py:157] [BO auto selection]  surrogate_type: gp. acq_type: ei. acq_optimizer_type: random_scipy.
[2023-03-16 20:24:29,015][rl][INFO][OPRAEL.py:375] cost_time:9.762396
[2023-03-16 20:24:59,905][rl][INFO][OPRAEL.py:423] Iter 1, objectives: [-173.19].
[2023-03-16 20:25:00,047][rl][INFO][OPRAEL.py:375] cost_time:40.794793
[2023-03-16 20:25:30,038][rl][INFO][OPRAEL.py:423] Iter 2, objectives: [-220.65].
[2023-03-16 20:25:30,176][rl][INFO][OPRAEL.py:375] cost_time:70.924108
[2023-03-16 20:25:48,199][rl][INFO][OPRAEL.py:423] Iter 3, objectives: [-484.28].
[2023-03-16 20:25:50,180][rl][INFO][OPRAEL.py:375] cost_time:90.927571
[2023-03-16 20:26:07,025][rl][INFO][OPRAEL.py:423] Iter 4, objectives: [-438.76].
[2023-03-16 20:26:12,715][rl][INFO][OPRAEL.py:375] cost_time:113.462945
[2023-03-16 20:26:29,898][rl][INFO][OPRAEL.py:423] Iter 5, objectives: [-421.31].
[2023-03-16 20:26:39,421][rl][INFO][OPRAEL.py:375] cost_time:140.168906
[2023-03-16 20:27:09,815][rl][INFO][OPRAEL.py:423] Iter 6, objectives: [-220.3].
[2023-03-16 20:27:14,932][rl][INFO][OPRAEL.py:375] cost_time:175.680134
[2023-03-16 20:27:31,538][rl][INFO][OPRAEL.py:423] Iter 7, objectives: [-455.49].
[2023-03-16 20:27:38,296][rl][INFO][OPRAEL.py:375] cost_time:199.043348
[2023-03-16 20:27:54,078][rl][INFO][OPRAEL.py:423] Iter 8, objectives: [-480.79].
[2023-03-16 20:28:00,268][rl][INFO][OPRAEL.py:375] cost_time:221.015858
[2023-03-16 20:28:22,067][rl][INFO][OPRAEL.py:423] Iter 9, objectives: [-319.57].
[2023-03-16 20:28:27,807][rl][INFO][OPRAEL.py:375] cost_time:248.554405
[2023-03-16 20:28:46,746][rl][INFO][OPRAEL.py:423] Iter 10, objectives: [-430.25].
[2023-03-16 20:28:51,241][rl][INFO][OPRAEL.py:375] cost_time:271.989101
[2023-03-16 20:29:19,098][rl][INFO][OPRAEL.py:423] Iter 11, objectives: [-243.62].
[2023-03-16 20:29:23,513][rl][INFO][OPRAEL.py:375] cost_time:304.260677
[2023-03-16 20:29:41,927][rl][INFO][OPRAEL.py:423] Iter 12, objectives: [-471.57].
[2023-03-16 20:29:46,207][rl][INFO][OPRAEL.py:375] cost_time:326.954834
[2023-03-16 20:30:01,666][rl][INFO][OPRAEL.py:423] Iter 13, objectives: [-484.81].
[2023-03-16 20:30:06,617][rl][INFO][OPRAEL.py:375] cost_time:347.364607
[2023-03-16 20:30:19,807][rl][INFO][OPRAEL.py:423] Iter 14, objectives: [-599.62].
[2023-03-16 20:30:22,534][rl][INFO][OPRAEL.py:375] cost_time:363.281920
[2023-03-16 20:30:32,925][rl][INFO][OPRAEL.py:423] Iter 15, objectives: [-804.21].
[2023-03-16 20:30:36,741][rl][INFO][OPRAEL.py:375] cost_time:377.488900
[2023-03-16 20:30:46,488][rl][INFO][OPRAEL.py:423] Iter 16, objectives: [-831.77].
[2023-03-16 20:30:49,800][rl][INFO][OPRAEL.py:375] cost_time:390.548078
[2023-03-16 20:30:58,338][rl][INFO][OPRAEL.py:423] Iter 17, objectives: [-995.83].
[2023-03-16 20:31:01,620][rl][INFO][OPRAEL.py:375] cost_time:402.367851
[2023-03-16 20:31:09,081][rl][INFO][OPRAEL.py:423] Iter 18, objectives: [-1204.32].
[2023-03-16 20:31:13,738][rl][INFO][OPRAEL.py:375] cost_time:414.486276
[2023-03-16 20:31:22,226][rl][INFO][OPRAEL.py:423] Iter 19, objectives: [-1006.51].
[2023-03-16 20:31:25,338][rl][INFO][OPRAEL.py:375] cost_time:426.086210
[2023-03-16 20:31:35,188][rl][INFO][OPRAEL.py:423] Iter 20, objectives: [-815.96].
[2023-03-16 20:31:38,954][rl][INFO][OPRAEL.py:375] cost_time:439.702150
[2023-03-16 20:31:48,226][rl][INFO][OPRAEL.py:423] Iter 21, objectives: [-953.73].
[2023-03-16 20:31:51,730][rl][INFO][OPRAEL.py:375] cost_time:452.478239
[2023-03-16 20:31:58,810][rl][INFO][OPRAEL.py:423] Iter 22, objectives: [-1321.99].
[2023-03-16 20:32:05,898][rl][INFO][OPRAEL.py:375] cost_time:466.646116
[2023-03-16 20:32:12,828][rl][INFO][OPRAEL.py:423] Iter 23, objectives: [-1373.06].
[2023-03-16 20:32:20,926][rl][INFO][OPRAEL.py:375] cost_time:481.673771
[2023-03-16 20:32:28,448][rl][INFO][OPRAEL.py:423] Iter 24, objectives: [-1180.35].
[2023-03-16 20:32:36,915][rl][INFO][OPRAEL.py:375] cost_time:497.663099
[2023-03-16 20:32:43,869][rl][INFO][OPRAEL.py:423] Iter 25, objectives: [-1457.62].
[2023-03-16 20:32:43,872][rl][INFO][bo_advisor.py:365] Sample random config. rand_prob=0.100000.
[2023-03-16 20:32:44,306][rl][INFO][OPRAEL.py:375] cost_time:505.054224
[2023-03-16 20:32:59,929][rl][INFO][OPRAEL.py:423] Iter 26, objectives: [-498.8].
[2023-03-16 20:33:08,542][rl][INFO][OPRAEL.py:375] cost_time:529.289661
[2023-03-16 20:33:19,609][rl][INFO][OPRAEL.py:423] Iter 27, objectives: [-809.41].
[2023-03-16 20:33:28,996][rl][INFO][OPRAEL.py:375] cost_time:549.744059
[2023-03-16 20:33:37,839][rl][INFO][OPRAEL.py:423] Iter 28, objectives: [-1225.22].
[2023-03-16 20:33:47,238][rl][INFO][OPRAEL.py:375] cost_time:567.985810
[2023-03-16 20:33:53,667][rl][INFO][OPRAEL.py:423] Iter 29, objectives: [-1552.89].
[2023-03-16 20:34:02,157][rl][INFO][OPRAEL.py:375] cost_time:582.904712
[2023-03-16 20:34:11,040][rl][INFO][OPRAEL.py:423] Iter 30, objectives: [-938.8].
[2023-03-16 20:34:11,043][rl][INFO][bo_advisor.py:365] Sample random config. rand_prob=0.100000.
[2023-03-16 20:34:11,185][rl][INFO][OPRAEL.py:375] cost_time:591.932678
[2023-03-16 20:34:19,448][rl][INFO][OPRAEL.py:423] Iter 31, objectives: [-1140.01].
[2023-03-16 20:34:27,616][rl][INFO][OPRAEL.py:375] cost_time:608.364143
[2023-03-16 20:34:35,197][rl][INFO][OPRAEL.py:423] Iter 32, objectives: [-1192.81].
[2023-03-16 20:34:42,799][rl][INFO][OPRAEL.py:375] cost_time:623.546529
[2023-03-16 20:34:50,079][rl][INFO][OPRAEL.py:423] Iter 33, objectives: [-1255.93].
[2023-03-16 20:34:56,002][rl][INFO][OPRAEL.py:375] cost_time:636.749469
[2023-03-16 20:35:08,326][rl][INFO][OPRAEL.py:423] Iter 34, objectives: [-1516.01].
[2023-03-16 20:35:12,846][rl][INFO][OPRAEL.py:375] cost_time:653.594132
[2023-03-16 20:35:19,344][rl][INFO][OPRAEL.py:423] Iter 35, objectives: [-1518.51].
[2023-03-16 20:35:23,329][rl][INFO][OPRAEL.py:375] cost_time:664.077082
[2023-03-16 20:35:30,056][rl][INFO][OPRAEL.py:423] Iter 36, objectives: [-1405.88].
[2023-03-16 20:35:34,149][rl][INFO][OPRAEL.py:375] cost_time:674.897094
[2023-03-16 20:35:42,824][rl][INFO][OPRAEL.py:423] Iter 37, objectives: [-1470.56].
[2023-03-16 20:35:46,925][rl][INFO][OPRAEL.py:375] cost_time:687.673087
[2023-03-16 20:35:54,559][rl][INFO][OPRAEL.py:423] Iter 38, objectives: [-1430.32].
[2023-03-16 20:35:57,731][rl][INFO][OPRAEL.py:375] cost_time:698.478939
[2023-03-16 20:36:03,527][rl][INFO][OPRAEL.py:423] Iter 39, objectives: [-1854.29].
[2023-03-16 20:36:08,583][rl][INFO][OPRAEL.py:375] cost_time:709.330632
[2023-03-16 20:36:27,360][rl][INFO][OPRAEL.py:423] Iter 40, objectives: [-363.22].
[2023-03-16 20:36:33,247][rl][INFO][OPRAEL.py:375] cost_time:733.994455
[2023-03-16 20:36:44,701][rl][INFO][OPRAEL.py:423] Iter 41, objectives: [-867.24].
[2023-03-16 20:36:49,762][rl][INFO][OPRAEL.py:375] cost_time:750.509678
[2023-03-16 20:37:11,059][rl][INFO][OPRAEL.py:423] Iter 42, objectives: [-946.31].
[2023-03-16 20:37:17,558][rl][INFO][OPRAEL.py:375] cost_time:778.306034
[2023-03-16 20:37:25,459][rl][INFO][OPRAEL.py:423] Iter 43, objectives: [-1157.4].
[2023-03-16 20:37:30,982][rl][INFO][OPRAEL.py:375] cost_time:791.729656
[2023-03-16 20:37:38,375][rl][INFO][OPRAEL.py:423] Iter 44, objectives: [-1229.13].
[2023-03-16 20:37:44,009][rl][INFO][OPRAEL.py:375] cost_time:804.757219
[2023-03-16 20:37:52,309][rl][INFO][OPRAEL.py:423] Iter 45, objectives: [-1228.78].
[2023-03-16 20:37:57,859][rl][INFO][OPRAEL.py:375] cost_time:818.607347
[2023-03-16 20:38:05,337][rl][INFO][OPRAEL.py:423] Iter 46, objectives: [-1523.15].
[2023-03-16 20:38:11,135][rl][INFO][OPRAEL.py:375] cost_time:831.883106
[2023-03-16 20:38:19,349][rl][INFO][OPRAEL.py:423] Iter 47, objectives: [-1095.36].
[2023-03-16 20:38:26,132][rl][INFO][OPRAEL.py:375] cost_time:846.879724
[2023-03-16 20:38:42,576][rl][INFO][OPRAEL.py:423] Iter 48, objectives: [-1140.48].
[2023-03-16 20:38:48,142][rl][INFO][OPRAEL.py:375] cost_time:868.889769
[2023-03-16 20:38:55,547][rl][INFO][OPRAEL.py:423] Iter 49, objectives: [-1272.73].
[2023-03-16 20:39:02,100][rl][INFO][OPRAEL.py:375] cost_time:882.847511
[2023-03-16 20:39:12,081][rl][INFO][OPRAEL.py:423] Iter 50, objectives: [-1122.25].
[2023-03-16 20:39:17,996][rl][INFO][OPRAEL.py:375] cost_time:898.744209
[2023-03-16 20:39:26,301][rl][INFO][OPRAEL.py:423] Iter 51, objectives: [-1043.44].
[2023-03-16 20:39:32,663][rl][INFO][OPRAEL.py:375] cost_time:913.411285
[2023-03-16 20:39:42,555][rl][INFO][OPRAEL.py:423] Iter 52, objectives: [-834.62].
[2023-03-16 20:39:50,361][rl][INFO][OPRAEL.py:375] cost_time:931.109353
[2023-03-16 20:39:58,010][rl][INFO][OPRAEL.py:423] Iter 53, objectives: [-1161.66].
[2023-03-16 20:40:05,236][rl][INFO][OPRAEL.py:375] cost_time:945.983550
[2023-03-16 20:40:18,157][rl][INFO][OPRAEL.py:423] Iter 54, objectives: [-600.33].
[2023-03-16 20:40:25,997][rl][INFO][OPRAEL.py:375] cost_time:966.745266
[2023-03-16 20:40:34,366][rl][INFO][OPRAEL.py:423] Iter 55, objectives: [-1031.62].
[2023-03-16 20:40:43,495][rl][INFO][OPRAEL.py:375] cost_time:984.243378
[2023-03-16 20:40:51,965][rl][INFO][OPRAEL.py:423] Iter 56, objectives: [-1012.6].
[2023-03-16 20:40:51,967][rl][INFO][bo_advisor.py:365] Sample random config. rand_prob=0.100000.
[2023-03-16 20:40:52,396][rl][INFO][OPRAEL.py:375] cost_time:993.144134
[2023-03-16 20:40:59,508][rl][INFO][OPRAEL.py:423] Iter 57, objectives: [-1371.18].
[2023-03-16 20:41:05,757][rl][INFO][OPRAEL.py:375] cost_time:1006.504563
[2023-03-16 20:41:23,605][rl][INFO][OPRAEL.py:423] Iter 58, objectives: [-430.32].
[2023-03-16 20:41:31,368][rl][INFO][OPRAEL.py:375] cost_time:1032.116017
[2023-03-16 20:41:39,432][rl][INFO][OPRAEL.py:423] Iter 59, objectives: [-1068.91].
[2023-03-16 20:41:48,458][rl][INFO][OPRAEL.py:375] cost_time:1049.206300
[2023-03-16 20:41:56,069][rl][INFO][OPRAEL.py:423] Iter 60, objectives: [-1401.1].
[2023-03-16 20:42:07,724][rl][INFO][OPRAEL.py:375] cost_time:1068.472086
[2023-03-16 20:42:14,592][rl][INFO][OPRAEL.py:423] Iter 61, objectives: [-1357.82].
[2023-03-16 20:42:26,963][rl][INFO][OPRAEL.py:375] cost_time:1087.710453
[2023-03-16 20:42:37,381][rl][INFO][OPRAEL.py:423] Iter 62, objectives: [-767.31].
[2023-03-16 20:43:02,063][rl][INFO][OPRAEL.py:375] cost_time:1122.810884
[2023-03-16 20:43:11,117][rl][INFO][OPRAEL.py:423] Iter 63, objectives: [-1047.72].
[2023-03-16 20:43:34,230][rl][INFO][OPRAEL.py:375] cost_time:1154.978240
[2023-03-16 20:43:34,285][rl][WARNING][history.py:242] Duplicate configuration detected!
[2023-03-16 20:43:34,286][rl][WARNING][history.py:242] Duplicate configuration detected!
[2023-03-16 20:43:34,287][rl][WARNING][history.py:242] Duplicate configuration detected!
[2023-03-16 20:43:34,287][rl][INFO][OPRAEL.py:423] Iter 64, objectives: [-1518.51].
[2023-03-16 20:44:07,482][rl][INFO][OPRAEL.py:375] cost_time:1188.229926
[2023-03-16 20:44:15,130][rl][INFO][OPRAEL.py:423] Iter 65, objectives: [-1170.57].
[2023-03-16 20:44:50,679][rl][INFO][OPRAEL.py:375] cost_time:1231.427179
[2023-03-16 20:44:57,213][rl][INFO][OPRAEL.py:423] Iter 66, objectives: [-1505.74].
[2023-03-16 20:45:40,760][rl][INFO][OPRAEL.py:375] cost_time:1281.507393
[2023-03-16 20:45:49,248][rl][INFO][OPRAEL.py:423] Iter 67, objectives: [-1006.51].
[2023-03-16 20:46:21,606][rl][INFO][OPRAEL.py:375] cost_time:1322.353678
[2023-03-16 20:46:34,383][rl][INFO][OPRAEL.py:423] Iter 68, objectives: [-1334.49].
[2023-03-16 20:47:08,379][rl][INFO][OPRAEL.py:375] cost_time:1369.127040
[2023-03-16 20:47:18,343][rl][INFO][OPRAEL.py:423] Iter 69, objectives: [-807.72].
[2023-03-16 20:47:50,029][rl][INFO][OPRAEL.py:375] cost_time:1410.776766
[2023-03-16 20:47:57,422][rl][INFO][OPRAEL.py:423] Iter 70, objectives: [-1218.83].
[2023-03-16 20:48:34,836][rl][INFO][OPRAEL.py:375] cost_time:1455.583683
[2023-03-16 20:48:44,038][rl][INFO][OPRAEL.py:423] Iter 71, objectives: [-1096.09].
[2023-03-16 20:49:22,953][rl][INFO][OPRAEL.py:375] cost_time:1503.700346
[2023-03-16 20:49:36,169][rl][INFO][OPRAEL.py:423] Iter 72, objectives: [-1412.27].
[2023-03-16 20:50:07,668][rl][INFO][OPRAEL.py:375] cost_time:1548.416304
[2023-03-16 20:50:13,578][rl][INFO][OPRAEL.py:423] Iter 73, objectives: [-1742.97].
[2023-03-16 20:50:13,580][rl][INFO][bo_advisor.py:365] Sample random config. rand_prob=0.100000.
[2023-03-16 20:50:14,009][rl][INFO][OPRAEL.py:375] cost_time:1554.757254
[2023-03-16 20:50:21,390][rl][INFO][OPRAEL.py:423] Iter 74, objectives: [-1229.85].
[2023-03-16 20:50:48,317][rl][INFO][OPRAEL.py:375] cost_time:1589.064368
[2023-03-16 20:50:56,427][rl][INFO][OPRAEL.py:423] Iter 75, objectives: [-1069.58].
[2023-03-16 20:51:25,886][rl][INFO][OPRAEL.py:375] cost_time:1626.634323
[2023-03-16 20:51:39,059][rl][INFO][OPRAEL.py:423] Iter 76, objectives: [-554.18].
[2023-03-16 20:52:07,740][rl][INFO][OPRAEL.py:375] cost_time:1668.488079
[2023-03-16 20:52:17,851][rl][INFO][OPRAEL.py:423] Iter 77, objectives: [-844.77].
[2023-03-16 20:52:45,425][rl][INFO][OPRAEL.py:375] cost_time:1706.173373
[2023-03-16 20:52:53,778][rl][INFO][OPRAEL.py:423] Iter 78, objectives: [-1212.08].
[2023-03-16 20:53:23,940][rl][INFO][OPRAEL.py:375] cost_time:1744.687784
[2023-03-16 20:53:31,968][rl][INFO][OPRAEL.py:423] Iter 79, objectives: [-1086.6].
[2023-03-16 20:54:00,619][rl][INFO][OPRAEL.py:375] cost_time:1781.366524
[2023-03-16 20:54:08,188][rl][INFO][OPRAEL.py:423] Iter 80, objectives: [-1214.6].
[2023-03-16 20:54:42,070][rl][INFO][OPRAEL.py:375] cost_time:1822.818321
[2023-03-16 20:54:51,067][rl][INFO][OPRAEL.py:423] Iter 81, objectives: [-1353.36].
[2023-03-16 20:55:29,339][rl][INFO][OPRAEL.py:375] cost_time:1870.086790
[2023-03-16 20:55:37,358][rl][INFO][OPRAEL.py:423] Iter 82, objectives: [-1081.34].
[2023-03-16 20:56:00,649][rl][INFO][OPRAEL.py:375] cost_time:1901.397219
[2023-03-16 20:56:08,740][rl][INFO][OPRAEL.py:423] Iter 83, objectives: [-1073.57].
[2023-03-16 20:56:38,053][rl][INFO][OPRAEL.py:375] cost_time:1938.800769
[2023-03-16 20:56:46,900][rl][INFO][OPRAEL.py:423] Iter 84, objectives: [-1256.72].
[2023-03-16 20:57:18,375][rl][INFO][OPRAEL.py:375] cost_time:1979.122793
[2023-03-16 20:57:26,245][rl][INFO][OPRAEL.py:423] Iter 85, objectives: [-1130.97].
[2023-03-16 20:58:16,549][rl][INFO][OPRAEL.py:375] cost_time:2037.296947
[2023-03-16 20:58:25,699][rl][INFO][OPRAEL.py:423] Iter 86, objectives: [-1346.76].
[2023-03-16 20:59:11,252][rl][INFO][OPRAEL.py:375] cost_time:2091.999887
[2023-03-16 20:59:22,779][rl][INFO][OPRAEL.py:423] Iter 87, objectives: [-1161.7].
[2023-03-16 20:59:59,226][rl][INFO][OPRAEL.py:375] cost_time:2139.973845
[2023-03-16 21:00:08,767][rl][INFO][OPRAEL.py:423] Iter 88, objectives: [-853.83].
[2023-03-16 21:00:49,082][rl][INFO][OPRAEL.py:375] cost_time:2189.830122
[2023-03-16 21:00:58,850][rl][INFO][OPRAEL.py:423] Iter 89, objectives: [-861.34].
[2023-03-16 21:01:47,628][rl][INFO][OPRAEL.py:375] cost_time:2248.375823
[2023-03-16 21:01:55,633][rl][INFO][OPRAEL.py:423] Iter 90, objectives: [-1158.75].
[2023-03-16 21:02:34,894][rl][INFO][OPRAEL.py:375] cost_time:2295.641994
[2023-03-16 21:02:42,292][rl][INFO][OPRAEL.py:423] Iter 91, objectives: [-1244.39].
[2023-03-16 21:03:23,396][rl][INFO][OPRAEL.py:375] cost_time:2344.143562
[2023-03-16 21:03:32,717][rl][INFO][OPRAEL.py:423] Iter 92, objectives: [-1200.36].
[2023-03-16 21:03:32,720][rl][INFO][bo_advisor.py:365] Sample random config. rand_prob=0.100000.
[2023-03-16 21:03:33,169][rl][INFO][OPRAEL.py:375] cost_time:2353.917204
[2023-03-16 21:03:40,813][rl][INFO][OPRAEL.py:423] Iter 93, objectives: [-1176.91].
[2023-03-16 21:04:27,507][rl][INFO][OPRAEL.py:375] cost_time:2408.254669
[2023-03-16 21:04:34,832][rl][INFO][OPRAEL.py:423] Iter 94, objectives: [-1258.15].
[2023-03-16 21:05:22,761][rl][INFO][OPRAEL.py:375] cost_time:2463.508344
[2023-03-16 21:05:30,996][rl][INFO][OPRAEL.py:423] Iter 95, objectives: [-1290.37].
[2023-03-16 21:06:09,408][rl][INFO][OPRAEL.py:375] cost_time:2510.156181
[2023-03-16 21:06:16,872][rl][INFO][OPRAEL.py:423] Iter 96, objectives: [-1483.76].
[2023-03-16 21:06:16,875][rl][INFO][bo_advisor.py:365] Sample random config. rand_prob=0.100000.
[2023-03-16 21:06:17,032][rl][INFO][OPRAEL.py:375] cost_time:2517.779893
[2023-03-16 21:06:44,485][rl][INFO][OPRAEL.py:423] Iter 97, objectives: [-237.62].
[2023-03-16 21:07:24,242][rl][INFO][OPRAEL.py:375] cost_time:2584.990013
[2023-03-16 21:07:37,846][rl][INFO][OPRAEL.py:423] Iter 98, objectives: [-968.92].
[2023-03-16 21:08:20,922][rl][INFO][OPRAEL.py:375] cost_time:2641.669596
[2023-03-16 21:08:29,847][rl][INFO][OPRAEL.py:423] Iter 99, objectives: [-916.22].
[2023-03-16 21:09:12,343][rl][INFO][OPRAEL.py:375] cost_time:2693.091343
[2023-03-16 21:09:44,800][rl][INFO][OPRAEL.py:423] Iter 100, objectives: [-223.29].
[2023-03-16 21:10:21,724][rl][INFO][OPRAEL.py:375] cost_time:2762.472034
[2023-03-16 21:10:32,899][rl][INFO][OPRAEL.py:423] Iter 101, objectives: [-953.21].
[2023-03-16 21:11:16,058][rl][INFO][OPRAEL.py:375] cost_time:2816.805679
[2023-03-16 21:11:24,150][rl][INFO][OPRAEL.py:423] Iter 102, objectives: [-1350.25].
[2023-03-16 21:12:00,590][rl][INFO][OPRAEL.py:375] cost_time:2861.337588
[2023-03-16 21:12:27,582][rl][INFO][OPRAEL.py:423] Iter 103, objectives: [-257.52].
[2023-03-16 21:13:09,518][rl][INFO][OPRAEL.py:375] cost_time:2930.265971
[2023-03-16 21:13:43,270][rl][INFO][OPRAEL.py:423] Iter 104, objectives: [-214.21].
[2023-03-16 21:14:33,670][rl][INFO][OPRAEL.py:375] cost_time:3014.417861
[2023-03-16 21:14:44,611][rl][INFO][OPRAEL.py:423] Iter 105, objectives: [-759.34].
[2023-03-16 21:15:27,778][rl][INFO][OPRAEL.py:375] cost_time:3068.526206
[2023-03-16 21:15:34,082][rl][INFO][OPRAEL.py:423] Iter 106, objectives: [-1686.41].
[2023-03-16 21:16:15,250][rl][INFO][OPRAEL.py:375] cost_time:3115.998095
[2023-03-16 21:16:22,180][rl][INFO][OPRAEL.py:423] Iter 107, objectives: [-1368.69].
[2023-03-16 21:17:04,640][rl][INFO][OPRAEL.py:375] cost_time:3165.387512
[2023-03-16 21:17:12,452][rl][INFO][OPRAEL.py:423] Iter 108, objectives: [-1110.15].
[2023-03-16 21:17:55,707][rl][INFO][OPRAEL.py:375] cost_time:3216.455053
[2023-03-16 21:18:05,156][rl][INFO][OPRAEL.py:423] Iter 109, objectives: [-882.26].
[2023-03-16 21:18:47,556][rl][INFO][OPRAEL.py:375] cost_time:3268.303626
[2023-03-16 21:18:56,214][rl][INFO][OPRAEL.py:423] Iter 110, objectives: [-1010.51].
[2023-03-16 21:19:33,207][rl][INFO][OPRAEL.py:375] cost_time:3313.954953
[2023-03-16 21:19:41,894][rl][INFO][OPRAEL.py:423] Iter 111, objectives: [-977.85].
[2023-03-16 21:19:41,897][rl][INFO][bo_advisor.py:365] Sample random config. rand_prob=0.100000.
[2023-03-16 21:19:42,318][rl][INFO][OPRAEL.py:375] cost_time:3323.065974
[2023-03-16 21:19:48,437][rl][INFO][OPRAEL.py:423] Iter 112, objectives: [-1686.66].
[2023-03-16 21:20:23,845][rl][INFO][OPRAEL.py:375] cost_time:3364.592384
[2023-03-16 21:20:32,127][rl][INFO][OPRAEL.py:423] Iter 113, objectives: [-1026.84].
[2023-03-16 21:21:18,167][rl][INFO][OPRAEL.py:375] cost_time:3418.915295
[2023-03-16 21:21:28,940][rl][INFO][OPRAEL.py:423] Iter 114, objectives: [-1517.79].
[2023-03-16 21:22:05,513][rl][INFO][OPRAEL.py:375] cost_time:3466.260573
[2023-03-16 21:22:12,477][rl][INFO][OPRAEL.py:423] Iter 115, objectives: [-1334.18].
[2023-03-16 21:22:59,344][rl][INFO][OPRAEL.py:375] cost_time:3520.092241
[2023-03-16 21:23:34,439][rl][INFO][OPRAEL.py:423] Iter 116, objectives: [-203.0].
[2023-03-16 21:23:34,442][rl][INFO][bo_advisor.py:365] Sample random config. rand_prob=0.100000.
[2023-03-16 21:23:34,593][rl][INFO][OPRAEL.py:375] cost_time:3555.340613
[2023-03-16 21:23:51,238][rl][INFO][OPRAEL.py:423] Iter 117, objectives: [-433.12].
[2023-03-16 21:24:39,037][rl][INFO][OPRAEL.py:375] cost_time:3619.784957
[2023-03-16 21:24:39,090][rl][WARNING][history.py:242] Duplicate configuration detected!
[2023-03-16 21:24:39,091][rl][WARNING][history.py:242] Duplicate configuration detected!
[2023-03-16 21:24:39,093][rl][WARNING][history.py:242] Duplicate configuration detected!
[2023-03-16 21:24:39,093][rl][INFO][OPRAEL.py:423] Iter 118, objectives: [-1854.29].
[2023-03-16 21:25:19,018][rl][INFO][OPRAEL.py:375] cost_time:3659.765346
[2023-03-16 21:25:28,849][rl][INFO][OPRAEL.py:423] Iter 119, objectives: [-980.09].
[2023-03-16 21:26:12,228][rl][INFO][OPRAEL.py:375] cost_time:3712.976216
[2023-03-16 21:26:19,568][rl][INFO][OPRAEL.py:423] Iter 120, objectives: [-1219.62].
[2023-03-16 21:26:19,570][rl][INFO][bo_advisor.py:365] Sample random config. rand_prob=0.100000.
[2023-03-16 21:26:19,999][rl][INFO][OPRAEL.py:375] cost_time:3720.746683
[2023-03-16 21:26:27,079][rl][INFO][OPRAEL.py:423] Iter 121, objectives: [-1322.84].
[2023-03-16 21:27:41,388][rl][INFO][OPRAEL.py:375] cost_time:3802.135858
[2023-03-16 21:27:48,340][rl][INFO][OPRAEL.py:423] Iter 122, objectives: [-1426.26].
[2023-03-16 21:28:32,580][rl][INFO][OPRAEL.py:375] cost_time:3853.328137
[2023-03-16 21:28:40,180][rl][INFO][OPRAEL.py:423] Iter 123, objectives: [-1163.95].
[2023-03-16 21:29:34,632][rl][INFO][OPRAEL.py:375] cost_time:3915.379689
[2023-03-16 21:29:41,950][rl][INFO][OPRAEL.py:423] Iter 124, objectives: [-1312.88].
[2023-03-16 21:30:36,298][rl][INFO][OPRAEL.py:375] cost_time:3977.046220
[2023-03-16 21:30:45,201][rl][INFO][OPRAEL.py:423] Iter 125, objectives: [-1324.86].
[2023-03-16 21:32:02,943][rl][INFO][OPRAEL.py:375] cost_time:4063.690516
[2023-03-16 21:32:11,591][rl][INFO][OPRAEL.py:423] Iter 126, objectives: [-1150.86].
[2023-03-16 21:33:01,832][rl][INFO][OPRAEL.py:375] cost_time:4122.579522
[2023-03-16 21:33:08,569][rl][INFO][OPRAEL.py:423] Iter 127, objectives: [-1404.86].
[2023-03-16 21:34:09,087][rl][INFO][OPRAEL.py:375] cost_time:4189.834930
[2023-03-16 21:34:17,280][rl][INFO][OPRAEL.py:423] Iter 128, objectives: [-1258.07].
[2023-03-16 21:35:13,124][rl][INFO][OPRAEL.py:375] cost_time:4253.871452
[2023-03-16 21:35:20,100][rl][INFO][OPRAEL.py:423] Iter 129, objectives: [-1356.02].
[2023-03-16 21:36:20,037][rl][INFO][OPRAEL.py:375] cost_time:4320.784428
[2023-03-16 21:36:29,457][rl][INFO][OPRAEL.py:423] Iter 130, objectives: [-1159.56].
[2023-03-16 21:36:29,460][rl][INFO][bo_advisor.py:365] Sample random config. rand_prob=0.100000.
[2023-03-16 21:36:29,883][rl][INFO][OPRAEL.py:375] cost_time:4330.631184
[2023-03-16 21:36:37,249][rl][INFO][OPRAEL.py:423] Iter 131, objectives: [-1894.49].
[2023-03-16 21:37:23,100][rl][INFO][OPRAEL.py:375] cost_time:4383.847592
[2023-03-16 21:37:30,340][rl][INFO][OPRAEL.py:423] Iter 132, objectives: [-1244.85].
[2023-03-16 21:38:16,285][rl][INFO][OPRAEL.py:375] cost_time:4437.032432
[2023-03-16 21:38:24,490][rl][INFO][OPRAEL.py:423] Iter 133, objectives: [-1219.87].
[2023-03-16 21:39:29,321][rl][INFO][OPRAEL.py:375] cost_time:4510.069153
[2023-03-16 21:39:37,090][rl][INFO][OPRAEL.py:423] Iter 134, objectives: [-1443.84].
[2023-03-16 21:40:38,524][rl][INFO][OPRAEL.py:375] cost_time:4579.271461
[2023-03-16 21:40:45,760][rl][INFO][OPRAEL.py:423] Iter 135, objectives: [-1291.39].
[2023-03-16 21:41:50,383][rl][INFO][OPRAEL.py:375] cost_time:4651.131260
[2023-03-16 21:42:09,820][rl][INFO][OPRAEL.py:423] Iter 136, objectives: [-350.66].
[2023-03-16 21:43:20,807][rl][INFO][OPRAEL.py:375] cost_time:4741.554625
[2023-03-16 21:43:33,161][rl][INFO][OPRAEL.py:423] Iter 137, objectives: [-1051.47].
[2023-03-16 21:44:23,828][rl][INFO][OPRAEL.py:375] cost_time:4804.575725
[2023-03-16 21:44:31,108][rl][INFO][OPRAEL.py:423] Iter 138, objectives: [-1276.17].
[2023-03-16 21:45:41,299][rl][INFO][OPRAEL.py:375] cost_time:4882.046769
[2023-03-16 21:45:49,131][rl][INFO][OPRAEL.py:423] Iter 139, objectives: [-1152.98].
[2023-03-16 21:46:57,832][rl][INFO][OPRAEL.py:375] cost_time:4958.580194
[2023-03-16 21:47:04,862][rl][INFO][OPRAEL.py:423] Iter 140, objectives: [-1327.0].
[2023-03-16 21:48:16,517][rl][INFO][OPRAEL.py:375] cost_time:5037.264809
[2023-03-16 21:48:24,022][rl][INFO][OPRAEL.py:423] Iter 141, objectives: [-1201.05].
[2023-03-16 21:49:31,531][rl][INFO][OPRAEL.py:375] cost_time:5112.279144
[2023-03-16 21:49:31,584][rl][WARNING][history.py:242] Duplicate configuration detected!
[2023-03-16 21:49:31,586][rl][WARNING][history.py:242] Duplicate configuration detected!
[2023-03-16 21:49:31,587][rl][WARNING][history.py:242] Duplicate configuration detected!
[2023-03-16 21:49:31,587][rl][INFO][OPRAEL.py:423] Iter 142, objectives: [-1854.29].
[2023-03-16 21:50:35,905][rl][INFO][OPRAEL.py:375] cost_time:5176.653005
[2023-03-16 21:50:45,061][rl][INFO][OPRAEL.py:423] Iter 143, objectives: [-909.75].
[2023-03-16 21:51:23,915][rl][INFO][OPRAEL.py:375] cost_time:5224.662847
[2023-03-16 21:51:34,059][rl][INFO][OPRAEL.py:423] Iter 144, objectives: [-816.16].
[2023-03-16 21:51:34,062][rl][INFO][bo_advisor.py:365] Sample random config. rand_prob=0.100000.
[2023-03-16 21:51:34,488][rl][INFO][OPRAEL.py:375] cost_time:5235.235866
[2023-03-16 21:51:42,038][rl][INFO][OPRAEL.py:423] Iter 145, objectives: [-1276.88].
[2023-03-16 21:51:42,041][rl][INFO][bo_advisor.py:365] Sample random config. rand_prob=0.100000.
[2023-03-16 21:51:42,476][rl][INFO][OPRAEL.py:375] cost_time:5243.223403
[2023-03-16 21:52:06,536][rl][INFO][OPRAEL.py:423] Iter 146, objectives: [-276.32].
[2023-03-16 21:52:58,667][rl][INFO][OPRAEL.py:375] cost_time:5319.414533
[2023-03-16 21:53:09,121][rl][INFO][OPRAEL.py:423] Iter 147, objectives: [-959.58].
[2023-03-16 21:54:10,776][rl][INFO][OPRAEL.py:375] cost_time:5391.524173
[2023-03-16 21:54:27,769][rl][INFO][OPRAEL.py:423] Iter 148, objectives: [-1594.03].
[2023-03-16 21:55:26,904][rl][INFO][OPRAEL.py:375] cost_time:5467.652083
[2023-03-16 21:55:35,518][rl][INFO][OPRAEL.py:423] Iter 149, objectives: [-1318.64].
[2023-03-16 21:55:35,521][rl][INFO][bo_advisor.py:365] Sample random config. rand_prob=0.100000.
[2023-03-16 21:55:35,970][rl][INFO][OPRAEL.py:375] cost_time:5476.718015
[2023-03-16 21:55:44,357][rl][INFO][OPRAEL.py:423] Iter 150, objectives: [-1386.6].
[2023-03-16 21:56:51,893][rl][INFO][OPRAEL.py:375] cost_time:5552.641269
[2023-03-16 21:57:04,088][rl][INFO][OPRAEL.py:423] Iter 151, objectives: [-1140.61].
[2023-03-16 21:58:00,593][rl][INFO][OPRAEL.py:375] cost_time:5621.340603
[2023-03-16 21:58:13,356][rl][INFO][OPRAEL.py:423] Iter 152, objectives: [-1093.24].
[2023-03-16 21:59:06,969][rl][INFO][OPRAEL.py:375] cost_time:5687.716600
[2023-03-16 21:59:47,313][rl][INFO][OPRAEL.py:423] Iter 153, objectives: [-179.87].
[2023-03-16 22:00:42,865][rl][INFO][OPRAEL.py:375] cost_time:5783.612419
[2023-03-16 22:01:10,948][rl][INFO][OPRAEL.py:423] Iter 154, objectives: [-234.43].
[2023-03-16 22:02:13,673][rl][INFO][OPRAEL.py:375] cost_time:5874.420406
[2023-03-16 22:02:24,254][rl][INFO][OPRAEL.py:423] Iter 155, objectives: [-881.61].
[2023-03-16 22:03:08,773][rl][INFO][OPRAEL.py:375] cost_time:5929.520871
[2023-03-16 22:03:15,002][rl][INFO][OPRAEL.py:423] Iter 156, objectives: [-1618.4].
[2023-03-16 22:04:08,082][rl][INFO][OPRAEL.py:375] cost_time:5988.829816
[2023-03-16 22:04:19,450][rl][INFO][OPRAEL.py:423] Iter 157, objectives: [-1256.37].
[2023-03-16 22:05:21,501][rl][INFO][OPRAEL.py:375] cost_time:6062.249206
[2023-03-16 22:05:28,810][rl][INFO][OPRAEL.py:423] Iter 158, objectives: [-1232.54].
[2023-03-16 22:06:23,706][rl][INFO][OPRAEL.py:375] cost_time:6124.454312
[2023-03-16 22:06:37,519][rl][INFO][OPRAEL.py:423] Iter 159, objectives: [-866.47].
[2023-03-16 22:07:47,781][rl][INFO][OPRAEL.py:375] cost_time:6208.528605
[2023-03-16 22:07:58,252][rl][INFO][OPRAEL.py:423] Iter 160, objectives: [-796.93].
[2023-03-16 22:08:59,318][rl][INFO][OPRAEL.py:375] cost_time:6280.065667
[2023-03-16 22:09:08,188][rl][INFO][OPRAEL.py:423] Iter 161, objectives: [-970.06].
[2023-03-16 22:10:15,881][rl][INFO][OPRAEL.py:375] cost_time:6356.628505
[2023-03-16 22:10:47,080][rl][INFO][OPRAEL.py:423] Iter 162, objectives: [-229.95].
[2023-03-16 22:11:46,730][rl][INFO][OPRAEL.py:375] cost_time:6447.478008
[2023-03-16 22:11:57,182][rl][INFO][OPRAEL.py:423] Iter 163, objectives: [-915.19].
[2023-03-16 22:13:01,225][rl][INFO][OPRAEL.py:375] cost_time:6521.973155
[2023-03-16 22:13:37,131][rl][INFO][OPRAEL.py:423] Iter 164, objectives: [-199.24].
[2023-03-16 22:14:42,363][rl][INFO][OPRAEL.py:375] cost_time:6623.110269
[2023-03-16 22:14:56,417][rl][INFO][OPRAEL.py:423] Iter 165, objectives: [-856.07].
[2023-03-16 22:16:00,181][rl][INFO][OPRAEL.py:375] cost_time:6700.928961
[2023-03-16 22:16:07,384][rl][INFO][OPRAEL.py:423] Iter 166, objectives: [-1266.61].
[2023-03-16 22:17:15,156][rl][INFO][OPRAEL.py:375] cost_time:6775.904015
[2023-03-16 22:17:24,050][rl][INFO][OPRAEL.py:423] Iter 167, objectives: [-938.84].
[2023-03-16 22:18:24,216][rl][INFO][OPRAEL.py:375] cost_time:6844.963541
[2023-03-16 22:18:32,041][rl][INFO][OPRAEL.py:423] Iter 168, objectives: [-1125.31].
[2023-03-16 22:19:27,512][rl][INFO][OPRAEL.py:375] cost_time:6908.260209
[2023-03-16 22:19:39,814][rl][INFO][OPRAEL.py:423] Iter 169, objectives: [-1215.67].
[2023-03-16 22:20:38,757][rl][INFO][OPRAEL.py:375] cost_time:6979.504916
[2023-03-16 22:21:05,353][rl][INFO][OPRAEL.py:423] Iter 170, objectives: [-249.44].
[2023-03-16 22:21:05,367][rl][INFO][bo_advisor.py:365] Sample random config. rand_prob=0.100000.
[2023-03-16 22:21:05,625][rl][INFO][OPRAEL.py:375] cost_time:7006.373370
[2023-03-16 22:21:23,374][rl][INFO][OPRAEL.py:423] Iter 171, objectives: [-430.44].
[2023-03-16 22:22:29,311][rl][INFO][OPRAEL.py:375] cost_time:7090.059113
[2023-03-16 22:23:07,315][rl][INFO][OPRAEL.py:423] Iter 172, objectives: [-173.51].
[2023-03-16 22:23:55,860][rl][INFO][OPRAEL.py:375] cost_time:7176.607741
[2023-03-16 22:24:30,335][rl][INFO][OPRAEL.py:423] Iter 173, objectives: [-210.86].
[2023-03-16 22:24:30,351][rl][INFO][bo_advisor.py:365] Sample random config. rand_prob=0.100000.
[2023-03-16 22:24:30,595][rl][INFO][OPRAEL.py:375] cost_time:7211.342733
[2023-03-16 22:24:58,836][rl][INFO][OPRAEL.py:423] Iter 174, objectives: [-240.13].
[2023-03-16 22:26:14,473][rl][INFO][OPRAEL.py:375] cost_time:7315.220421
[2023-03-16 22:26:43,392][rl][INFO][OPRAEL.py:423] Iter 175, objectives: [-237.46].
[2023-03-16 22:27:43,471][rl][INFO][OPRAEL.py:375] cost_time:7404.218719
[2023-03-16 22:27:58,121][rl][INFO][OPRAEL.py:423] Iter 176, objectives: [-813.97].
[2023-03-16 22:29:00,300][rl][INFO][OPRAEL.py:375] cost_time:7481.048209
[2023-03-16 22:29:07,706][rl][INFO][OPRAEL.py:423] Iter 177, objectives: [-1233.5].
[2023-03-16 22:30:21,256][rl][INFO][OPRAEL.py:375] cost_time:7562.004027
[2023-03-16 22:30:28,492][rl][INFO][OPRAEL.py:423] Iter 178, objectives: [-1275.36].
[2023-03-16 22:31:37,463][rl][INFO][OPRAEL.py:375] cost_time:7638.211071
[2023-03-16 22:31:45,212][rl][INFO][OPRAEL.py:423] Iter 179, objectives: [-1155.82].
[2023-03-16 22:32:36,945][rl][INFO][OPRAEL.py:375] cost_time:7697.692982
[2023-03-16 22:32:51,220][rl][INFO][OPRAEL.py:423] Iter 180, objectives: [-1483.84].
[2023-03-16 22:33:50,769][rl][INFO][OPRAEL.py:375] cost_time:7771.517012
[2023-03-16 22:33:58,807][rl][INFO][OPRAEL.py:423] Iter 181, objectives: [-1074.55].
[2023-03-16 22:35:07,872][rl][INFO][OPRAEL.py:375] cost_time:7848.619545
[2023-03-16 22:35:37,147][rl][INFO][OPRAEL.py:423] Iter 182, objectives: [-244.15].
[2023-03-16 22:36:38,666][rl][INFO][OPRAEL.py:375] cost_time:7939.414306
[2023-03-16 22:36:58,035][rl][INFO][OPRAEL.py:423] Iter 183, objectives: [-384.24].
[2023-03-16 22:37:50,317][rl][INFO][OPRAEL.py:375] cost_time:8011.065038
[2023-03-16 22:38:01,878][rl][INFO][OPRAEL.py:423] Iter 184, objectives: [-846.66].
[2023-03-16 22:38:47,183][rl][INFO][OPRAEL.py:375] cost_time:8067.930760
[2023-03-16 22:39:00,896][rl][INFO][OPRAEL.py:423] Iter 185, objectives: [-962.11].
[2023-03-16 22:40:15,937][rl][INFO][OPRAEL.py:375] cost_time:8156.685186
[2023-03-16 22:40:23,500][rl][INFO][OPRAEL.py:423] Iter 186, objectives: [-1194.11].
[2023-03-16 22:41:11,362][rl][INFO][OPRAEL.py:375] cost_time:8212.109835
[2023-03-16 22:41:18,381][rl][INFO][OPRAEL.py:423] Iter 187, objectives: [-1327.99].
[2023-03-16 22:42:11,323][rl][INFO][OPRAEL.py:375] cost_time:8272.070572
[2023-03-16 22:42:19,436][rl][INFO][OPRAEL.py:423] Iter 188, objectives: [-1067.18].
[2023-03-16 22:43:20,706][rl][INFO][OPRAEL.py:375] cost_time:8341.454241
[2023-03-16 22:43:28,369][rl][INFO][OPRAEL.py:423] Iter 189, objectives: [-1151.1].
[2023-03-16 22:44:32,324][rl][INFO][OPRAEL.py:375] cost_time:8413.071986
[2023-03-16 22:44:41,377][rl][INFO][OPRAEL.py:423] Iter 190, objectives: [-1270.16].
[2023-03-16 22:45:50,273][rl][INFO][OPRAEL.py:375] cost_time:8491.020414
[2023-03-16 22:45:59,439][rl][INFO][OPRAEL.py:423] Iter 191, objectives: [-1254.18].
[2023-03-16 22:47:07,958][rl][INFO][OPRAEL.py:375] cost_time:8568.705841
[2023-03-16 22:47:14,946][rl][INFO][OPRAEL.py:423] Iter 192, objectives: [-1348.04].
[2023-03-16 22:48:03,100][rl][INFO][OPRAEL.py:375] cost_time:8623.848058
[2023-03-16 22:48:10,139][rl][INFO][OPRAEL.py:423] Iter 193, objectives: [-1377.11].
[2023-03-16 22:49:21,341][rl][INFO][OPRAEL.py:375] cost_time:8702.088888
[2023-03-16 22:49:33,289][rl][INFO][OPRAEL.py:423] Iter 194, objectives: [-1274.6].
[2023-03-16 22:50:34,138][rl][INFO][OPRAEL.py:375] cost_time:8774.885791
[2023-03-16 22:50:41,810][rl][INFO][OPRAEL.py:423] Iter 195, objectives: [-1168.05].
[2023-03-16 22:51:55,580][rl][INFO][OPRAEL.py:375] cost_time:8856.327737
[2023-03-16 22:52:24,743][rl][INFO][OPRAEL.py:423] Iter 196, objectives: [-231.31].
[2023-03-16 22:53:26,561][rl][INFO][OPRAEL.py:375] cost_time:8947.309350
[2023-03-16 22:53:39,381][rl][INFO][OPRAEL.py:423] Iter 197, objectives: [-918.43].
[2023-03-16 22:54:36,497][rl][INFO][OPRAEL.py:375] cost_time:9017.245015
[2023-03-16 22:54:44,848][rl][INFO][OPRAEL.py:423] Iter 198, objectives: [-1242.47].
[2023-03-16 22:55:52,723][rl][INFO][OPRAEL.py:375] cost_time:9093.470349
[2023-03-16 22:56:13,889][rl][INFO][OPRAEL.py:423] Iter 199, objectives: [-319.39].
[2023-03-16 22:57:12,172][rl][INFO][OPRAEL.py:375] cost_time:9172.919704
[2023-03-16 22:57:30,938][rl][INFO][OPRAEL.py:423] Iter 200, objectives: [-389.37].
[2023-03-16 22:57:30,941][rl][INFO][bo_advisor.py:365] Sample random config. rand_prob=0.100000.
[2023-03-16 22:57:31,096][rl][INFO][OPRAEL.py:375] cost_time:9191.843425
[2023-03-16 22:57:57,287][rl][INFO][OPRAEL.py:423] Iter 201, objectives: [-260.97].
[2023-03-16 22:58:53,219][rl][INFO][OPRAEL.py:375] cost_time:9273.966813
[2023-03-16 22:59:04,828][rl][INFO][OPRAEL.py:423] Iter 202, objectives: [-949.21].
[2023-03-16 22:59:48,745][rl][INFO][OPRAEL.py:375] cost_time:9329.492424
[2023-03-16 22:59:56,000][rl][INFO][OPRAEL.py:423] Iter 203, objectives: [-1262.87].
[2023-03-16 23:00:41,285][rl][INFO][OPRAEL.py:375] cost_time:9382.032875
[2023-03-16 23:00:48,550][rl][INFO][OPRAEL.py:423] Iter 204, objectives: [-1269.56].
[2023-03-16 23:01:39,536][rl][INFO][OPRAEL.py:375] cost_time:9440.283260
[2023-03-16 23:01:47,018][rl][INFO][OPRAEL.py:423] Iter 205, objectives: [-1529.04].
[2023-03-16 23:03:12,902][rl][INFO][OPRAEL.py:375] cost_time:9533.650023
[2023-03-16 23:03:19,995][rl][INFO][OPRAEL.py:423] Iter 206, objectives: [-1305.16].
[2023-03-16 23:04:19,218][rl][INFO][OPRAEL.py:375] cost_time:9599.965574
[2023-03-16 23:04:29,360][rl][INFO][OPRAEL.py:423] Iter 207, objectives: [-1292.05].
[2023-03-16 23:05:37,837][rl][INFO][OPRAEL.py:375] cost_time:9678.584462
[2023-03-16 23:05:45,830][rl][INFO][OPRAEL.py:423] Iter 208, objectives: [-1312.97].
[2023-03-16 23:06:38,190][rl][INFO][OPRAEL.py:375] cost_time:9738.938000
[2023-03-16 23:06:45,627][rl][INFO][OPRAEL.py:423] Iter 209, objectives: [-1212.67].
[2023-03-16 23:07:51,311][rl][INFO][OPRAEL.py:375] cost_time:9812.059065
[2023-03-16 23:07:58,206][rl][INFO][OPRAEL.py:423] Iter 210, objectives: [-1394.26].
[2023-03-16 23:09:28,050][rl][INFO][OPRAEL.py:375] cost_time:9908.797768
[2023-03-16 23:09:39,978][rl][INFO][OPRAEL.py:423] Iter 211, objectives: [-1207.97].
[2023-03-16 23:10:41,180][rl][INFO][OPRAEL.py:375] cost_time:9981.927855
[2023-03-16 23:10:49,288][rl][INFO][OPRAEL.py:423] Iter 212, objectives: [-1117.37].
[2023-03-16 23:12:01,603][rl][INFO][OPRAEL.py:375] cost_time:10062.351185
[2023-03-16 23:12:09,411][rl][INFO][OPRAEL.py:423] Iter 213, objectives: [-1120.6].
[2023-03-16 23:12:09,414][rl][INFO][bo_advisor.py:365] Sample random config. rand_prob=0.100000.
[2023-03-16 23:12:09,846][rl][INFO][OPRAEL.py:375] cost_time:10070.593414
[2023-03-16 23:12:18,808][rl][INFO][OPRAEL.py:423] Iter 214, objectives: [-971.82].
[2023-03-16 23:13:20,082][rl][INFO][OPRAEL.py:375] cost_time:10140.830138
[2023-03-16 23:13:34,508][rl][INFO][OPRAEL.py:423] Iter 215, objectives: [-512.27].
[2023-03-16 23:14:38,251][rl][INFO][OPRAEL.py:375] cost_time:10218.999169
[2023-03-16 23:14:47,968][rl][INFO][OPRAEL.py:423] Iter 216, objectives: [-987.49].
[2023-03-16 23:15:46,745][rl][INFO][OPRAEL.py:375] cost_time:10287.492840
[2023-03-16 23:15:54,033][rl][INFO][OPRAEL.py:423] Iter 217, objectives: [-1233.29].
[2023-03-16 23:17:01,988][rl][INFO][OPRAEL.py:375] cost_time:10362.736294
[2023-03-16 23:17:10,038][rl][INFO][OPRAEL.py:423] Iter 218, objectives: [-1095.66].
[2023-03-16 23:18:22,982][rl][INFO][OPRAEL.py:375] cost_time:10443.729937
[2023-03-16 23:18:32,019][rl][INFO][OPRAEL.py:423] Iter 219, objectives: [-1105.56].
[2023-03-16 23:19:59,217][rl][INFO][OPRAEL.py:375] cost_time:10539.964608
[2023-03-16 23:20:27,949][rl][INFO][OPRAEL.py:423] Iter 220, objectives: [-225.46].
[2023-03-16 23:21:19,673][rl][INFO][OPRAEL.py:375] cost_time:10620.420640
[2023-03-16 23:21:19,727][rl][WARNING][history.py:242] Duplicate configuration detected!
[2023-03-16 23:21:19,729][rl][WARNING][history.py:242] Duplicate configuration detected!
[2023-03-16 23:21:19,730][rl][WARNING][history.py:242] Duplicate configuration detected!
[2023-03-16 23:21:19,731][rl][INFO][OPRAEL.py:423] Iter 221, objectives: [-856.07].
[2023-03-16 23:22:21,392][rl][INFO][OPRAEL.py:375] cost_time:10682.140223
[2023-03-16 23:22:33,212][rl][INFO][OPRAEL.py:423] Iter 222, objectives: [-1021.78].
[2023-03-16 23:23:25,962][rl][INFO][OPRAEL.py:375] cost_time:10746.709845
[2023-03-16 23:23:34,127][rl][INFO][OPRAEL.py:423] Iter 223, objectives: [-1052.78].
[2023-03-16 23:24:36,143][rl][INFO][OPRAEL.py:375] cost_time:10816.890920
[2023-03-16 23:24:42,917][rl][INFO][OPRAEL.py:423] Iter 224, objectives: [-1407.75].
[2023-03-16 23:26:02,306][rl][INFO][OPRAEL.py:375] cost_time:10903.053382
[2023-03-16 23:26:09,067][rl][INFO][OPRAEL.py:423] Iter 225, objectives: [-1440.02].
[2023-03-16 23:26:09,070][rl][INFO][bo_advisor.py:365] Sample random config. rand_prob=0.100000.
[2023-03-16 23:26:09,511][rl][INFO][OPRAEL.py:375] cost_time:10910.259102
[2023-03-16 23:26:18,026][rl][INFO][OPRAEL.py:423] Iter 226, objectives: [-1205.55].
[2023-03-16 23:27:36,570][rl][INFO][OPRAEL.py:375] cost_time:10997.317671
[2023-03-16 23:27:49,088][rl][INFO][OPRAEL.py:423] Iter 227, objectives: [-1100.08].
[2023-03-16 23:28:37,488][rl][INFO][OPRAEL.py:375] cost_time:11058.235736
[2023-03-16 23:28:44,831][rl][INFO][OPRAEL.py:423] Iter 228, objectives: [-1255.14].
[2023-03-16 23:29:53,677][rl][INFO][OPRAEL.py:375] cost_time:11134.425296
[2023-03-16 23:30:00,196][rl][INFO][OPRAEL.py:423] Iter 229, objectives: [-1514.6].
[2023-03-16 23:30:45,495][rl][INFO][OPRAEL.py:375] cost_time:11186.243098
[2023-03-16 23:30:53,918][rl][INFO][OPRAEL.py:423] Iter 230, objectives: [-1028.35].
[2023-03-16 23:32:18,218][rl][INFO][OPRAEL.py:375] cost_time:11278.965598
[2023-03-16 23:32:28,049][rl][INFO][OPRAEL.py:423] Iter 231, objectives: [-818.84].
[2023-03-16 23:33:32,886][rl][INFO][OPRAEL.py:375] cost_time:11353.633519
[2023-03-16 23:33:59,407][rl][INFO][OPRAEL.py:423] Iter 232, objectives: [-255.65].
[2023-03-16 23:33:59,409][rl][INFO][bo_advisor.py:365] Sample random config. rand_prob=0.100000.
[2023-03-16 23:33:59,851][rl][INFO][OPRAEL.py:375] cost_time:11380.599234
[2023-03-16 23:34:09,760][rl][INFO][OPRAEL.py:423] Iter 233, objectives: [-902.92].
[2023-03-16 23:35:12,318][rl][INFO][OPRAEL.py:375] cost_time:11453.065573
[2023-03-16 23:35:20,440][rl][INFO][OPRAEL.py:423] Iter 234, objectives: [-1598.28].
[2023-03-16 23:36:28,204][rl][INFO][OPRAEL.py:375] cost_time:11528.951866
[2023-03-16 23:36:36,401][rl][INFO][OPRAEL.py:423] Iter 235, objectives: [-1286.91].
[2023-03-16 23:37:50,469][rl][INFO][OPRAEL.py:375] cost_time:11611.216380
[2023-03-16 23:37:58,873][rl][INFO][OPRAEL.py:423] Iter 236, objectives: [-1186.92].
[2023-03-16 23:39:26,729][rl][INFO][OPRAEL.py:375] cost_time:11707.476497
[2023-03-16 23:39:46,800][rl][INFO][OPRAEL.py:423] Iter 237, objectives: [-336.33].
[2023-03-16 23:39:46,802][rl][INFO][bo_advisor.py:365] Sample random config. rand_prob=0.100000.
[2023-03-16 23:39:47,234][rl][INFO][OPRAEL.py:375] cost_time:11727.981772
[2023-03-16 23:40:07,191][rl][INFO][OPRAEL.py:423] Iter 238, objectives: [-379.32].
[2023-03-16 23:41:30,927][rl][INFO][OPRAEL.py:375] cost_time:11831.674829
[2023-03-16 23:41:41,658][rl][INFO][OPRAEL.py:423] Iter 239, objectives: [-854.81].
[2023-03-16 23:42:57,879][rl][INFO][OPRAEL.py:375] cost_time:11918.626711
[2023-03-16 23:43:06,298][rl][INFO][OPRAEL.py:423] Iter 240, objectives: [-1042.25].
[2023-03-16 23:44:11,619][rl][INFO][OPRAEL.py:375] cost_time:11992.366412
[2023-03-16 23:44:30,772][rl][INFO][OPRAEL.py:423] Iter 241, objectives: [-357.02].
[2023-03-16 23:45:33,362][rl][INFO][OPRAEL.py:375] cost_time:12074.109755
[2023-03-16 23:45:43,650][rl][INFO][OPRAEL.py:423] Iter 242, objectives: [-1077.82].
[2023-03-16 23:46:52,712][rl][INFO][OPRAEL.py:375] cost_time:12153.460115
[2023-03-16 23:46:59,990][rl][INFO][OPRAEL.py:423] Iter 243, objectives: [-1287.36].
[2023-03-16 23:48:08,784][rl][INFO][OPRAEL.py:375] cost_time:12229.531685
[2023-03-16 23:48:34,947][rl][INFO][OPRAEL.py:423] Iter 244, objectives: [-258.35].
[2023-03-16 23:49:55,242][rl][INFO][OPRAEL.py:375] cost_time:12335.989851
[2023-03-16 23:50:04,573][rl][INFO][OPRAEL.py:423] Iter 245, objectives: [-971.82].
[2023-03-16 23:51:39,274][rl][INFO][OPRAEL.py:375] cost_time:12440.022234
[2023-03-16 23:51:46,291][rl][INFO][OPRAEL.py:423] Iter 246, objectives: [-1350.78].
[2023-03-16 23:52:44,538][rl][INFO][OPRAEL.py:375] cost_time:12505.286131
[2023-03-16 23:52:51,459][rl][INFO][OPRAEL.py:423] Iter 247, objectives: [-1366.63].
[2023-03-16 23:54:15,584][rl][INFO][OPRAEL.py:375] cost_time:12596.332255
[2023-03-16 23:54:35,339][rl][INFO][OPRAEL.py:423] Iter 248, objectives: [-344.82].
[2023-03-16 23:55:35,461][rl][INFO][OPRAEL.py:375] cost_time:12676.208420
[2023-03-16 23:55:45,282][rl][INFO][OPRAEL.py:423] Iter 249, objectives: [-990.04].
[2023-03-16 23:56:43,172][rl][INFO][OPRAEL.py:375] cost_time:12743.919568
[2023-03-16 23:56:54,859][rl][INFO][OPRAEL.py:423] Iter 250, objectives: [-1350.49].
[2023-03-16 23:57:51,824][rl][INFO][OPRAEL.py:375] cost_time:12812.571312
[2023-03-16 23:58:08,262][rl][INFO][OPRAEL.py:423] Iter 251, objectives: [-495.02].
[2023-03-16 23:59:13,630][rl][INFO][OPRAEL.py:375] cost_time:12894.378265
[2023-03-16 23:59:37,031][rl][INFO][OPRAEL.py:423] Iter 252, objectives: [-297.57].
[2023-03-17 00:00:52,081][rl][INFO][OPRAEL.py:375] cost_time:12992.828446
[2023-03-17 00:01:05,909][rl][INFO][OPRAEL.py:423] Iter 253, objectives: [-615.28].
[2023-03-17 00:02:06,137][rl][INFO][OPRAEL.py:375] cost_time:13066.885052
[2023-03-17 00:02:35,220][rl][INFO][OPRAEL.py:423] Iter 254, objectives: [-354.04].
[2023-03-17 00:03:50,903][rl][INFO][OPRAEL.py:375] cost_time:13171.650448
[2023-03-17 00:04:02,703][rl][INFO][OPRAEL.py:423] Iter 255, objectives: [-890.84].
[2023-03-17 00:05:03,979][rl][INFO][OPRAEL.py:375] cost_time:13244.726903
[2023-03-17 00:05:17,790][rl][INFO][OPRAEL.py:423] Iter 256, objectives: [-525.6].
[2023-03-17 00:06:15,799][rl][INFO][OPRAEL.py:375] cost_time:13316.546871
[2023-03-17 00:06:26,202][rl][INFO][OPRAEL.py:423] Iter 257, objectives: [-895.39].
[2023-03-17 00:07:43,947][rl][INFO][OPRAEL.py:375] cost_time:13404.695100
[2023-03-17 00:07:50,332][rl][INFO][OPRAEL.py:423] Iter 258, objectives: [-1556.48].
[2023-03-17 00:08:58,275][rl][INFO][OPRAEL.py:375] cost_time:13479.022987
[2023-03-17 00:09:08,559][rl][INFO][OPRAEL.py:423] Iter 259, objectives: [-1231.2].
[2023-03-17 00:10:21,564][rl][INFO][OPRAEL.py:375] cost_time:13562.311655
[2023-03-17 00:10:28,090][rl][INFO][OPRAEL.py:423] Iter 260, objectives: [-1458.33].
[2023-03-17 00:12:02,570][rl][INFO][OPRAEL.py:375] cost_time:13663.317953
[2023-03-17 00:12:09,948][rl][INFO][OPRAEL.py:423] Iter 261, objectives: [-1263.05].
[2023-03-17 00:13:29,376][rl][INFO][OPRAEL.py:375] cost_time:13750.123599
[2023-03-17 00:13:36,503][rl][INFO][OPRAEL.py:423] Iter 262, objectives: [-1298.57].
[2023-03-17 00:15:07,172][rl][INFO][OPRAEL.py:375] cost_time:13847.919726
[2023-03-17 00:15:14,312][rl][INFO][OPRAEL.py:423] Iter 263, objectives: [-1278.2].
[2023-03-17 00:16:36,157][rl][INFO][OPRAEL.py:375] cost_time:13936.905112
[2023-03-17 00:17:05,031][rl][INFO][OPRAEL.py:423] Iter 264, objectives: [-225.02].
[2023-03-17 00:18:46,970][rl][INFO][OPRAEL.py:375] cost_time:14067.717654
[2023-03-17 00:18:59,807][rl][INFO][OPRAEL.py:423] Iter 265, objectives: [-885.39].
[2023-03-17 00:18:59,812][rl][INFO][bo_advisor.py:365] Sample random config. rand_prob=0.100000.
[2023-03-17 00:18:59,975][rl][INFO][OPRAEL.py:375] cost_time:14080.722927
[2023-03-17 00:19:17,320][rl][INFO][OPRAEL.py:423] Iter 266, objectives: [-463.41].
[2023-03-17 00:21:23,364][rl][INFO][OPRAEL.py:375] cost_time:14224.112271
[2023-03-17 00:21:33,387][rl][INFO][OPRAEL.py:423] Iter 267, objectives: [-974.79].
[2023-03-17 00:22:38,137][rl][INFO][OPRAEL.py:375] cost_time:14298.884365
[2023-03-17 00:22:46,089][rl][INFO][OPRAEL.py:423] Iter 268, objectives: [-1112.19].
[2023-03-17 00:24:14,995][rl][INFO][OPRAEL.py:375] cost_time:14395.741813
[2023-03-17 00:24:22,522][rl][INFO][OPRAEL.py:423] Iter 269, objectives: [-1187.87].
[2023-03-17 00:24:22,525][rl][INFO][bo_advisor.py:365] Sample random config. rand_prob=0.100000.
[2023-03-17 00:24:22,694][rl][INFO][OPRAEL.py:375] cost_time:14403.442117
[2023-03-17 00:24:39,221][rl][INFO][OPRAEL.py:423] Iter 270, objectives: [-458.35].
[2023-03-17 00:25:51,482][rl][INFO][OPRAEL.py:375] cost_time:14492.229927
[2023-03-17 00:26:04,705][rl][INFO][OPRAEL.py:423] Iter 271, objectives: [-692.5].
[2023-03-17 00:27:18,545][rl][INFO][OPRAEL.py:375] cost_time:14579.292544
[2023-03-17 00:27:32,991][rl][INFO][OPRAEL.py:423] Iter 272, objectives: [-596.0].
[2023-03-17 00:29:03,020][rl][INFO][OPRAEL.py:375] cost_time:14683.768067
[2023-03-17 00:29:13,623][rl][INFO][OPRAEL.py:423] Iter 273, objectives: [-1019.0].
[2023-03-17 00:30:59,291][rl][INFO][OPRAEL.py:375] cost_time:14800.038751
[2023-03-17 00:31:23,598][rl][INFO][OPRAEL.py:423] Iter 274, objectives: [-272.85].
[2023-03-17 00:32:57,459][rl][INFO][OPRAEL.py:375] cost_time:14918.206457
[2023-03-17 00:33:07,724][rl][INFO][OPRAEL.py:423] Iter 275, objectives: [-954.72].
[2023-03-17 00:34:51,647][rl][INFO][OPRAEL.py:375] cost_time:15032.394359
[2023-03-17 00:35:44,243][rl][INFO][OPRAEL.py:423] Iter 276, objectives: [-117.53].
[2023-03-17 00:37:13,686][rl][INFO][OPRAEL.py:375] cost_time:15174.433973
[2023-03-17 00:37:19,410][rl][INFO][OPRAEL.py:423] Iter 277, objectives: [-1870.57].
[2023-03-17 00:38:45,985][rl][INFO][OPRAEL.py:375] cost_time:15266.732854
[2023-03-17 00:38:57,161][rl][INFO][OPRAEL.py:423] Iter 278, objectives: [-1436.0].
[2023-03-17 00:40:46,615][rl][INFO][OPRAEL.py:375] cost_time:15387.362798
[2023-03-17 00:40:54,182][rl][INFO][OPRAEL.py:423] Iter 279, objectives: [-1192.41].
[2023-03-17 00:42:24,730][rl][INFO][OPRAEL.py:375] cost_time:15485.477844
[2023-03-17 00:42:54,744][rl][INFO][OPRAEL.py:423] Iter 280, objectives: [-262.77].
[2023-03-17 00:45:07,256][rl][INFO][OPRAEL.py:375] cost_time:15648.003487
[2023-03-17 00:45:16,800][rl][INFO][OPRAEL.py:423] Iter 281, objectives: [-911.71].
[2023-03-17 00:46:48,552][rl][INFO][OPRAEL.py:375] cost_time:15749.299623
[2023-03-17 00:46:58,021][rl][INFO][OPRAEL.py:423] Iter 282, objectives: [-1012.96].
[2023-03-17 00:48:32,231][rl][INFO][OPRAEL.py:375] cost_time:15852.978489
[2023-03-17 00:48:40,082][rl][INFO][OPRAEL.py:423] Iter 283, objectives: [-1148.14].
[2023-03-17 00:50:48,315][rl][INFO][OPRAEL.py:375] cost_time:15989.062996
[2023-03-17 00:51:13,482][rl][INFO][OPRAEL.py:423] Iter 284, objectives: [-263.01].
[2023-03-17 00:52:56,221][rl][INFO][OPRAEL.py:375] cost_time:16116.969287
[2023-03-17 00:53:07,249][rl][INFO][OPRAEL.py:423] Iter 285, objectives: [-973.73].
[2023-03-17 00:54:39,037][rl][INFO][OPRAEL.py:375] cost_time:16219.784350
[2023-03-17 00:54:47,330][rl][INFO][OPRAEL.py:423] Iter 286, objectives: [-1040.02].
[2023-03-17 00:56:18,834][rl][INFO][OPRAEL.py:375] cost_time:16319.581351
[2023-03-17 00:56:26,191][rl][INFO][OPRAEL.py:423] Iter 287, objectives: [-1231.46].
[2023-03-17 00:58:31,467][rl][INFO][OPRAEL.py:375] cost_time:16452.214465
[2023-03-17 00:58:37,279][rl][INFO][OPRAEL.py:423] Iter 288, objectives: [-1846.59].
[2023-03-17 00:59:47,463][rl][INFO][OPRAEL.py:375] cost_time:16528.211120
[2023-03-17 00:59:55,068][rl][INFO][OPRAEL.py:423] Iter 289, objectives: [-1177.54].
[2023-03-17 01:01:31,698][rl][INFO][OPRAEL.py:375] cost_time:16632.445885
[2023-03-17 01:01:40,602][rl][INFO][OPRAEL.py:423] Iter 290, objectives: [-928.56].
[2023-03-17 01:03:19,721][rl][INFO][OPRAEL.py:375] cost_time:16740.468751
[2023-03-17 01:03:31,002][rl][INFO][OPRAEL.py:423] Iter 291, objectives: [-1150.7].
[2023-03-17 01:05:05,762][rl][INFO][OPRAEL.py:375] cost_time:16846.509733
[2023-03-17 01:05:05,831][rl][WARNING][history.py:242] Duplicate configuration detected!
[2023-03-17 01:05:05,833][rl][WARNING][history.py:242] Duplicate configuration detected!
[2023-03-17 01:05:05,835][rl][WARNING][history.py:242] Duplicate configuration detected!
[2023-03-17 01:05:05,835][rl][INFO][OPRAEL.py:423] Iter 292, objectives: [-1350.78].
[2023-03-17 01:05:05,838][rl][INFO][bo_advisor.py:365] Sample random config. rand_prob=0.100000.
[2023-03-17 01:05:06,278][rl][INFO][OPRAEL.py:375] cost_time:16847.026029
[2023-03-17 01:05:12,622][rl][INFO][OPRAEL.py:423] Iter 293, objectives: [-1642.58].
[2023-03-17 01:06:59,403][rl][INFO][OPRAEL.py:375] cost_time:16960.151246
[2023-03-17 01:06:59,501][rl][WARNING][history.py:242] Duplicate configuration detected!
[2023-03-17 01:06:59,503][rl][WARNING][history.py:242] Duplicate configuration detected!
[2023-03-17 01:06:59,504][rl][WARNING][history.py:242] Duplicate configuration detected!
[2023-03-17 01:06:59,505][rl][INFO][OPRAEL.py:423] Iter 294, objectives: [-1161.7].
[2023-03-17 01:08:45,460][rl][INFO][OPRAEL.py:375] cost_time:17066.208235
[2023-03-17 01:08:52,642][rl][INFO][OPRAEL.py:423] Iter 295, objectives: [-1241.14].
[2023-03-17 01:10:47,897][rl][INFO][OPRAEL.py:375] cost_time:17188.645005
[2023-03-17 01:11:03,682][rl][INFO][OPRAEL.py:423] Iter 296, objectives: [-472.59].
[2023-03-17 01:13:04,774][rl][INFO][OPRAEL.py:375] cost_time:17325.521477
[2023-03-17 01:13:14,289][rl][INFO][OPRAEL.py:423] Iter 297, objectives: [-936.14].
[2023-03-17 01:15:06,616][rl][INFO][OPRAEL.py:375] cost_time:17447.363297
[2023-03-17 01:15:19,468][rl][INFO][OPRAEL.py:423] Iter 298, objectives: [-572.55].
[2023-03-17 01:17:16,499][rl][INFO][OPRAEL.py:375] cost_time:17577.246606
[2023-03-17 01:17:23,759][rl][INFO][OPRAEL.py:423] Iter 299, objectives: [-1269.23].
[2023-03-17 01:19:33,521][rl][INFO][OPRAEL.py:375] cost_time:17714.268373
[2023-03-17 01:19:40,919][rl][INFO][OPRAEL.py:423] Iter 300, objectives: [-1261.62].
[2023-03-17 01:19:40,921][rl][INFO][bo_advisor.py:168] n_observations=300, change surrogate model from GP to PRF!
[2023-03-17 01:19:40,924][rl][INFO][bo_advisor.py:171] n_observations=300, change acq optimizer from random_scipy to local_random!
[2023-03-17 01:19:41,617][rl][WARNING][base.py:91] [Build Surrogate] Use probabilistic random forest based on scikit-learn. For better performance, please install pyrfr: https://open-box.readthedocs.io/en/latest/installation/install_pyrfr.html
[2023-03-17 01:19:43,954][rl][INFO][OPRAEL.py:375] cost_time:17724.701938
[2023-03-17 01:19:55,214][rl][INFO][OPRAEL.py:423] Iter 301, objectives: [-1695.87].
[2023-03-17 01:19:57,521][rl][INFO][OPRAEL.py:375] cost_time:17738.268691
[2023-03-17 01:20:03,669][rl][INFO][OPRAEL.py:423] Iter 302, objectives: [-1674.49].
[2023-03-17 01:20:06,093][rl][INFO][OPRAEL.py:375] cost_time:17746.840441
[2023-03-17 01:20:11,661][rl][INFO][OPRAEL.py:423] Iter 303, objectives: [-2036.02].
[2023-03-17 01:20:13,699][rl][INFO][OPRAEL.py:375] cost_time:17754.446439
[2023-03-17 01:20:19,466][rl][INFO][OPRAEL.py:423] Iter 304, objectives: [-1883.94].
[2023-03-17 01:20:22,051][rl][INFO][OPRAEL.py:375] cost_time:17762.799285
[2023-03-17 01:20:28,261][rl][INFO][OPRAEL.py:423] Iter 305, objectives: [-1659.14].
[2023-03-17 01:20:30,985][rl][INFO][OPRAEL.py:375] cost_time:17771.732932
[2023-03-17 01:20:38,761][rl][INFO][OPRAEL.py:423] Iter 306, objectives: [-1150.75].
[2023-03-17 01:20:41,137][rl][INFO][OPRAEL.py:375] cost_time:17781.884803
[2023-03-17 01:21:03,361][rl][INFO][OPRAEL.py:423] Iter 307, objectives: [-301.17].
[2023-03-17 01:21:06,140][rl][INFO][OPRAEL.py:375] cost_time:17806.887754
[2023-03-17 01:21:19,759][rl][INFO][OPRAEL.py:423] Iter 308, objectives: [-548.48].
[2023-03-17 01:21:22,848][rl][INFO][OPRAEL.py:375] cost_time:17823.595799
[2023-03-17 01:21:32,130][rl][INFO][OPRAEL.py:423] Iter 309, objectives: [-962.97].
[2023-03-17 01:21:34,573][rl][INFO][OPRAEL.py:375] cost_time:17835.321291
[2023-03-17 01:21:40,761][rl][INFO][OPRAEL.py:423] Iter 310, objectives: [-1672.01].
[2023-03-17 01:21:44,003][rl][INFO][OPRAEL.py:375] cost_time:17844.751102
[2023-03-17 01:21:52,831][rl][INFO][OPRAEL.py:423] Iter 311, objectives: [-950.85].
[2023-03-17 01:21:55,315][rl][INFO][OPRAEL.py:375] cost_time:17856.062496
[2023-03-17 01:22:02,498][rl][INFO][OPRAEL.py:423] Iter 312, objectives: [-1352.9].
[2023-03-17 01:22:04,774][rl][INFO][OPRAEL.py:375] cost_time:17865.522331
[2023-03-17 01:22:15,016][rl][INFO][OPRAEL.py:423] Iter 313, objectives: [-1410.9].
[2023-03-17 01:22:16,903][rl][INFO][OPRAEL.py:375] cost_time:17877.650846
[2023-03-17 01:22:22,559][rl][INFO][OPRAEL.py:423] Iter 314, objectives: [-1912.72].
[2023-03-17 01:22:25,006][rl][INFO][OPRAEL.py:375] cost_time:17885.753811
[2023-03-17 01:22:34,101][rl][INFO][OPRAEL.py:423] Iter 315, objectives: [-906.65].
[2023-03-17 01:22:36,383][rl][INFO][OPRAEL.py:375] cost_time:17897.131085
[2023-03-17 01:22:50,427][rl][INFO][OPRAEL.py:423] Iter 316, objectives: [-531.01].
[2023-03-17 01:22:52,860][rl][INFO][OPRAEL.py:375] cost_time:17913.607768
[2023-03-17 01:23:01,563][rl][INFO][OPRAEL.py:423] Iter 317, objectives: [-1001.88].
[2023-03-17 01:23:04,553][rl][INFO][OPRAEL.py:375] cost_time:17925.300588
[2023-03-17 01:23:13,510][rl][INFO][OPRAEL.py:423] Iter 318, objectives: [-906.57].
[2023-03-17 01:23:16,213][rl][INFO][OPRAEL.py:375] cost_time:17936.961326
[2023-03-17 01:23:43,810][rl][INFO][OPRAEL.py:423] Iter 319, objectives: [-235.23].
[2023-03-17 01:23:46,159][rl][INFO][OPRAEL.py:375] cost_time:17966.907202
[2023-03-17 01:23:54,740][rl][INFO][OPRAEL.py:423] Iter 320, objectives: [-1033.46].
[2023-03-17 01:23:56,941][rl][INFO][OPRAEL.py:375] cost_time:17977.689149
[2023-03-17 01:24:22,692][rl][INFO][OPRAEL.py:423] Iter 321, objectives: [-253.94].
[2023-03-17 01:24:25,273][rl][INFO][OPRAEL.py:375] cost_time:18006.020759
[2023-03-17 01:24:34,590][rl][INFO][OPRAEL.py:423] Iter 322, objectives: [-908.22].
[2023-03-17 01:24:37,301][rl][INFO][OPRAEL.py:375] cost_time:18018.048484
[2023-03-17 01:24:50,461][rl][INFO][OPRAEL.py:423] Iter 323, objectives: [-558.84].
[2023-03-17 01:24:53,054][rl][INFO][OPRAEL.py:375] cost_time:18033.801538
[2023-03-17 01:25:01,611][rl][INFO][OPRAEL.py:423] Iter 324, objectives: [-1029.44].
[2023-03-17 01:25:04,014][rl][INFO][OPRAEL.py:375] cost_time:18044.761831
[2023-03-17 01:25:10,250][rl][INFO][OPRAEL.py:423] Iter 325, objectives: [-1610.26].
[2023-03-17 01:25:13,017][rl][INFO][OPRAEL.py:375] cost_time:18053.764402
[2023-03-17 01:25:23,466][rl][INFO][OPRAEL.py:423] Iter 326, objectives: [-1080.17].
[2023-03-17 01:25:25,587][rl][INFO][OPRAEL.py:375] cost_time:18066.334753
[2023-03-17 01:25:32,158][rl][INFO][OPRAEL.py:423] Iter 327, objectives: [-1485.25].
[2023-03-17 01:25:34,797][rl][INFO][OPRAEL.py:375] cost_time:18075.544910
[2023-03-17 01:25:40,842][rl][INFO][OPRAEL.py:423] Iter 328, objectives: [-1700.77].
[2023-03-17 01:25:43,096][rl][INFO][OPRAEL.py:375] cost_time:18083.843872
[2023-03-17 01:25:48,712][rl][INFO][OPRAEL.py:423] Iter 329, objectives: [-1973.2].
[2023-03-17 01:25:51,029][rl][INFO][OPRAEL.py:375] cost_time:18091.777304
[2023-03-17 01:25:56,858][rl][INFO][OPRAEL.py:423] Iter 330, objectives: [-1845.68].
[2023-03-17 01:25:59,073][rl][INFO][OPRAEL.py:375] cost_time:18099.820733
[2023-03-17 01:26:12,900][rl][INFO][OPRAEL.py:423] Iter 331, objectives: [-702.94].
[2023-03-17 01:26:15,470][rl][INFO][OPRAEL.py:375] cost_time:18116.218289
[2023-03-17 01:26:23,807][rl][INFO][OPRAEL.py:423] Iter 332, objectives: [-1074.07].
[2023-03-17 01:26:26,348][rl][INFO][OPRAEL.py:375] cost_time:18127.095465
[2023-03-17 01:26:32,928][rl][INFO][OPRAEL.py:423] Iter 333, objectives: [-1500.49].
[2023-03-17 01:26:35,607][rl][INFO][OPRAEL.py:375] cost_time:18136.355015
[2023-03-17 01:26:41,249][rl][INFO][OPRAEL.py:423] Iter 334, objectives: [-1955.71].
[2023-03-17 01:26:43,446][rl][INFO][OPRAEL.py:375] cost_time:18144.194270
[2023-03-17 01:27:09,602][rl][INFO][OPRAEL.py:423] Iter 335, objectives: [-249.21].
[2023-03-17 01:27:12,406][rl][INFO][OPRAEL.py:375] cost_time:18173.153707
[2023-03-17 01:27:20,562][rl][INFO][OPRAEL.py:423] Iter 336, objectives: [-1104.45].
[2023-03-17 01:27:23,130][rl][INFO][OPRAEL.py:375] cost_time:18183.877804
[2023-03-17 01:27:29,430][rl][INFO][OPRAEL.py:423] Iter 337, objectives: [-1598.82].
[2023-03-17 01:27:32,005][rl][INFO][OPRAEL.py:375] cost_time:18192.752791
[2023-03-17 01:27:37,662][rl][INFO][OPRAEL.py:423] Iter 338, objectives: [-1915.83].
[2023-03-17 01:27:40,003][rl][INFO][OPRAEL.py:375] cost_time:18200.750896
[2023-03-17 01:27:45,511][rl][INFO][OPRAEL.py:423] Iter 339, objectives: [-2011.07].
[2023-03-17 01:27:48,156][rl][INFO][OPRAEL.py:375] cost_time:18208.904386
[2023-03-17 01:27:56,018][rl][INFO][OPRAEL.py:423] Iter 340, objectives: [-1120.18].
[2023-03-17 01:27:58,321][rl][INFO][OPRAEL.py:375] cost_time:18219.069376
[2023-03-17 01:28:22,111][rl][INFO][OPRAEL.py:423] Iter 341, objectives: [-277.99].
[2023-03-17 01:28:24,157][rl][INFO][OPRAEL.py:375] cost_time:18244.904918
[2023-03-17 01:28:33,469][rl][INFO][OPRAEL.py:423] Iter 342, objectives: [-916.55].
[2023-03-17 01:28:35,718][rl][INFO][OPRAEL.py:375] cost_time:18256.466256
[2023-03-17 01:28:42,058][rl][INFO][OPRAEL.py:423] Iter 343, objectives: [-1584.22].
[2023-03-17 01:28:44,569][rl][INFO][OPRAEL.py:375] cost_time:18265.316986
[2023-03-17 01:28:51,721][rl][INFO][OPRAEL.py:423] Iter 344, objectives: [-1314.76].
[2023-03-17 01:28:54,306][rl][INFO][OPRAEL.py:375] cost_time:18275.053883
[2023-03-17 01:29:00,102][rl][INFO][OPRAEL.py:423] Iter 345, objectives: [-1873.13].
[2023-03-17 01:29:02,575][rl][INFO][OPRAEL.py:375] cost_time:18283.322826
[2023-03-17 01:29:11,442][rl][INFO][OPRAEL.py:423] Iter 346, objectives: [-1733.3].
[2023-03-17 01:29:13,565][rl][INFO][OPRAEL.py:375] cost_time:18294.313254
[2023-03-17 01:29:19,680][rl][INFO][OPRAEL.py:423] Iter 347, objectives: [-1674.74].
[2023-03-17 01:29:21,918][rl][INFO][OPRAEL.py:375] cost_time:18302.666179
[2023-03-17 01:29:30,739][rl][INFO][OPRAEL.py:423] Iter 348, objectives: [-1825.59].
[2023-03-17 01:29:30,741][rl][INFO][bo_advisor.py:365] Sample random config. rand_prob=0.100000.
[2023-03-17 01:29:31,187][rl][INFO][OPRAEL.py:375] cost_time:18311.935333
[2023-03-17 01:29:47,240][rl][INFO][OPRAEL.py:423] Iter 349, objectives: [-444.07].
[2023-03-17 01:29:49,699][rl][INFO][OPRAEL.py:375] cost_time:18330.447161
[2023-03-17 01:29:58,560][rl][INFO][OPRAEL.py:423] Iter 350, objectives: [-1272.97].
[2023-03-17 01:30:01,404][rl][INFO][OPRAEL.py:375] cost_time:18342.152279
[2023-03-17 01:30:07,668][rl][INFO][OPRAEL.py:423] Iter 351, objectives: [-1605.36].
[2023-03-17 01:30:10,084][rl][INFO][OPRAEL.py:375] cost_time:18350.831900
[2023-03-17 01:30:15,961][rl][INFO][OPRAEL.py:423] Iter 352, objectives: [-1796.15].
[2023-03-17 01:30:15,964][rl][INFO][bo_advisor.py:365] Sample random config. rand_prob=0.100000.
[2023-03-17 01:30:16,410][rl][INFO][OPRAEL.py:375] cost_time:18357.157497
[2023-03-17 01:30:34,229][rl][INFO][OPRAEL.py:423] Iter 353, objectives: [-534.06].
[2023-03-17 01:30:34,232][rl][INFO][bo_advisor.py:365] Sample random config. rand_prob=0.100000.
[2023-03-17 01:30:34,676][rl][INFO][OPRAEL.py:375] cost_time:18375.423678
[2023-03-17 01:30:43,422][rl][INFO][OPRAEL.py:423] Iter 354, objectives: [-1094.74].
[2023-03-17 01:30:45,619][rl][INFO][OPRAEL.py:375] cost_time:18386.366419
[2023-03-17 01:30:52,767][rl][INFO][OPRAEL.py:423] Iter 355, objectives: [-1293.4].
[2023-03-17 01:30:55,325][rl][INFO][OPRAEL.py:375] cost_time:18396.072978
[2023-03-17 01:31:21,667][rl][INFO][OPRAEL.py:423] Iter 356, objectives: [-247.4].
[2023-03-17 01:31:24,041][rl][INFO][OPRAEL.py:375] cost_time:18424.789135
[2023-03-17 01:31:35,118][rl][INFO][OPRAEL.py:423] Iter 357, objectives: [-716.05].
[2023-03-17 01:31:37,160][rl][INFO][OPRAEL.py:375] cost_time:18437.908185
[2023-03-17 01:31:44,391][rl][INFO][OPRAEL.py:423] Iter 358, objectives: [-1401.54].
[2023-03-17 01:31:46,518][rl][INFO][OPRAEL.py:375] cost_time:18447.265882
[2023-03-17 01:31:52,410][rl][INFO][OPRAEL.py:423] Iter 359, objectives: [-1776.32].
[2023-03-17 01:31:54,750][rl][INFO][OPRAEL.py:375] cost_time:18455.497605
[2023-03-17 01:32:01,040][rl][INFO][OPRAEL.py:423] Iter 360, objectives: [-1613.31].
[2023-03-17 01:32:03,569][rl][INFO][OPRAEL.py:375] cost_time:18464.317247
[2023-03-17 01:32:09,159][rl][INFO][OPRAEL.py:423] Iter 361, objectives: [-1958.67].
[2023-03-17 01:32:11,701][rl][INFO][OPRAEL.py:375] cost_time:18472.448955
[2023-03-17 01:32:17,322][rl][INFO][OPRAEL.py:423] Iter 362, objectives: [-1962.13].
[2023-03-17 01:32:19,833][rl][INFO][OPRAEL.py:375] cost_time:18480.580884
[2023-03-17 01:32:26,523][rl][INFO][OPRAEL.py:423] Iter 363, objectives: [-1431.01].
[2023-03-17 01:32:29,266][rl][INFO][OPRAEL.py:375] cost_time:18490.014256
[2023-03-17 01:32:35,327][rl][INFO][OPRAEL.py:423] Iter 364, objectives: [-1737.23].
[2023-03-17 01:32:38,213][rl][INFO][OPRAEL.py:375] cost_time:18498.960640
[2023-03-17 01:32:44,161][rl][INFO][OPRAEL.py:423] Iter 365, objectives: [-1794.77].
[2023-03-17 01:32:46,131][rl][INFO][OPRAEL.py:375] cost_time:18506.878785
[2023-03-17 01:32:51,771][rl][INFO][OPRAEL.py:423] Iter 366, objectives: [-1920.5].
[2023-03-17 01:32:54,231][rl][INFO][OPRAEL.py:375] cost_time:18514.978748
[2023-03-17 01:33:01,118][rl][INFO][OPRAEL.py:423] Iter 367, objectives: [-1375.17].
[2023-03-17 01:33:03,312][rl][INFO][OPRAEL.py:375] cost_time:18524.059909
[2023-03-17 01:33:10,247][rl][INFO][OPRAEL.py:423] Iter 368, objectives: [-1372.0].
[2023-03-17 01:33:10,250][rl][INFO][bo_advisor.py:365] Sample random config. rand_prob=0.100000.
[2023-03-17 01:33:10,695][rl][INFO][OPRAEL.py:375] cost_time:18531.443322
[2023-03-17 01:33:31,580][rl][INFO][OPRAEL.py:423] Iter 369, objectives: [-336.78].
[2023-03-17 01:33:34,311][rl][INFO][OPRAEL.py:375] cost_time:18555.058925
[2023-03-17 01:33:48,582][rl][INFO][OPRAEL.py:423] Iter 370, objectives: [-644.89].
[2023-03-17 01:33:52,103][rl][INFO][OPRAEL.py:375] cost_time:18572.850551
[2023-03-17 01:34:03,060][rl][INFO][OPRAEL.py:423] Iter 371, objectives: [-703.73].
[2023-03-17 01:34:06,208][rl][INFO][OPRAEL.py:375] cost_time:18586.955695
[2023-03-17 01:34:14,428][rl][INFO][OPRAEL.py:423] Iter 372, objectives: [-1086.66].
[2023-03-17 01:34:14,431][rl][INFO][bo_advisor.py:365] Sample random config. rand_prob=0.100000.
[2023-03-17 01:34:14,606][rl][INFO][OPRAEL.py:375] cost_time:18595.353582
[2023-03-17 01:34:33,920][rl][INFO][OPRAEL.py:423] Iter 373, objectives: [-374.46].
[2023-03-17 01:34:36,721][rl][INFO][OPRAEL.py:375] cost_time:18617.468753
[2023-03-17 01:34:47,783][rl][INFO][OPRAEL.py:423] Iter 374, objectives: [-945.05].
[2023-03-17 01:34:50,641][rl][INFO][OPRAEL.py:375] cost_time:18631.388542
[2023-03-17 01:34:56,462][rl][INFO][OPRAEL.py:423] Iter 375, objectives: [-1830.88].
[2023-03-17 01:34:59,146][rl][INFO][OPRAEL.py:375] cost_time:18639.894254
[2023-03-17 01:35:04,819][rl][INFO][OPRAEL.py:423] Iter 376, objectives: [-1906.83].
[2023-03-17 01:35:07,877][rl][INFO][OPRAEL.py:375] cost_time:18648.624429
[2023-03-17 01:35:14,002][rl][INFO][OPRAEL.py:423] Iter 377, objectives: [-1670.6].
[2023-03-17 01:35:16,756][rl][INFO][OPRAEL.py:375] cost_time:18657.504326
[2023-03-17 01:35:24,397][rl][INFO][OPRAEL.py:423] Iter 378, objectives: [-1595.24].
[2023-03-17 01:35:26,623][rl][INFO][OPRAEL.py:375] cost_time:18667.371112
[2023-03-17 01:35:37,073][rl][INFO][OPRAEL.py:423] Iter 379, objectives: [-752.1].
[2023-03-17 01:35:39,274][rl][INFO][OPRAEL.py:375] cost_time:18680.021813
[2023-03-17 01:35:46,511][rl][INFO][OPRAEL.py:423] Iter 380, objectives: [-1384.21].
[2023-03-17 01:35:49,266][rl][INFO][OPRAEL.py:375] cost_time:18690.014061
[2023-03-17 01:35:56,182][rl][INFO][OPRAEL.py:423] Iter 381, objectives: [-1456.17].
[2023-03-17 01:35:59,396][rl][INFO][OPRAEL.py:375] cost_time:18700.143840
[2023-03-17 01:36:04,839][rl][INFO][OPRAEL.py:423] Iter 382, objectives: [-2069.41].
[2023-03-17 01:36:07,377][rl][INFO][OPRAEL.py:375] cost_time:18708.124789
[2023-03-17 01:36:33,559][rl][INFO][OPRAEL.py:423] Iter 383, objectives: [-248.72].
[2023-03-17 01:36:36,530][rl][INFO][OPRAEL.py:375] cost_time:18737.277419
[2023-03-17 01:36:46,970][rl][INFO][OPRAEL.py:423] Iter 384, objectives: [-1113.02].
[2023-03-17 01:36:49,524][rl][INFO][OPRAEL.py:375] cost_time:18750.272324
[2023-03-17 01:36:55,932][rl][INFO][OPRAEL.py:423] Iter 385, objectives: [-1546.54].
[2023-03-17 01:36:58,340][rl][INFO][OPRAEL.py:375] cost_time:18759.087390
[2023-03-17 01:37:07,830][rl][INFO][OPRAEL.py:423] Iter 386, objectives: [-1571.68].
[2023-03-17 01:37:10,026][rl][INFO][OPRAEL.py:375] cost_time:18770.773751
[2023-03-17 01:37:16,099][rl][INFO][OPRAEL.py:423] Iter 387, objectives: [-1708.04].
[2023-03-17 01:37:19,116][rl][INFO][OPRAEL.py:375] cost_time:18779.863827
[2023-03-17 01:37:24,901][rl][INFO][OPRAEL.py:423] Iter 388, objectives: [-1848.04].
[2023-03-17 01:37:27,352][rl][INFO][OPRAEL.py:375] cost_time:18788.100354
[2023-03-17 01:37:35,702][rl][INFO][OPRAEL.py:423] Iter 389, objectives: [-1832.64].
[2023-03-17 01:37:38,187][rl][INFO][OPRAEL.py:375] cost_time:18798.935161
[2023-03-17 01:38:05,060][rl][INFO][OPRAEL.py:423] Iter 390, objectives: [-241.77].
[2023-03-17 01:38:07,261][rl][INFO][OPRAEL.py:375] cost_time:18828.009263
[2023-03-17 01:38:16,070][rl][INFO][OPRAEL.py:423] Iter 391, objectives: [-993.93].
[2023-03-17 01:38:18,037][rl][INFO][OPRAEL.py:375] cost_time:18838.785090
[2023-03-17 01:38:24,479][rl][INFO][OPRAEL.py:423] Iter 392, objectives: [-1534.3].
[2023-03-17 01:38:26,480][rl][INFO][OPRAEL.py:375] cost_time:18847.227470
[2023-03-17 01:38:32,442][rl][INFO][OPRAEL.py:423] Iter 393, objectives: [-1759.72].
[2023-03-17 01:38:34,982][rl][INFO][OPRAEL.py:375] cost_time:18855.729434
[2023-03-17 01:38:41,810][rl][INFO][OPRAEL.py:423] Iter 394, objectives: [-1408.0].
[2023-03-17 01:38:44,546][rl][INFO][OPRAEL.py:375] cost_time:18865.293769
[2023-03-17 01:39:08,999][rl][INFO][OPRAEL.py:423] Iter 395, objectives: [-268.88].
[2023-03-17 01:39:10,915][rl][INFO][OPRAEL.py:375] cost_time:18891.662475
[2023-03-17 01:39:19,710][rl][INFO][OPRAEL.py:423] Iter 396, objectives: [-1001.47].
[2023-03-17 01:39:22,112][rl][INFO][OPRAEL.py:375] cost_time:18902.859879
[2023-03-17 01:39:39,747][rl][INFO][OPRAEL.py:423] Iter 397, objectives: [-481.66].
[2023-03-17 01:39:42,069][rl][INFO][OPRAEL.py:375] cost_time:18922.817194
[2023-03-17 01:40:16,971][rl][INFO][OPRAEL.py:423] Iter 398, objectives: [-217.77].
[2023-03-17 01:40:16,974][rl][INFO][bo_advisor.py:365] Sample random config. rand_prob=0.100000.
[2023-03-17 01:40:17,149][rl][INFO][OPRAEL.py:375] cost_time:18957.896997
[2023-03-17 01:40:46,846][rl][INFO][OPRAEL.py:423] Iter 399, objectives: [-218.67].
[2023-03-17 01:40:49,072][rl][INFO][OPRAEL.py:375] cost_time:18989.819631
[2023-03-17 01:41:04,269][rl][INFO][OPRAEL.py:423] Iter 400, objectives: [-626.99].
[2023-03-17 01:41:04,272][rl][INFO][bo_advisor.py:365] Sample random config. rand_prob=0.100000.
[2023-03-17 01:41:04,734][rl][INFO][OPRAEL.py:375] cost_time:19005.481848
[2023-03-17 01:41:21,899][rl][INFO][OPRAEL.py:423] Iter 401, objectives: [-429.64].
[2023-03-17 01:41:24,311][rl][INFO][OPRAEL.py:375] cost_time:19025.059120
[2023-03-17 01:41:35,542][rl][INFO][OPRAEL.py:423] Iter 402, objectives: [-773.55].
[2023-03-17 01:41:35,544][rl][INFO][bo_advisor.py:365] Sample random config. rand_prob=0.100000.
[2023-03-17 01:41:35,717][rl][INFO][OPRAEL.py:375] cost_time:19036.465385
[2023-03-17 01:41:48,942][rl][INFO][OPRAEL.py:423] Iter 403, objectives: [-588.99].
[2023-03-17 01:41:51,486][rl][INFO][OPRAEL.py:375] cost_time:19052.233959
[2023-03-17 01:41:59,959][rl][INFO][OPRAEL.py:423] Iter 404, objectives: [-1106.28].
[2023-03-17 01:42:02,078][rl][INFO][OPRAEL.py:375] cost_time:19062.825579
[2023-03-17 01:42:30,640][rl][INFO][OPRAEL.py:423] Iter 405, objectives: [-226.6].
[2023-03-17 01:42:32,796][rl][INFO][OPRAEL.py:375] cost_time:19093.544385
[2023-03-17 01:42:41,630][rl][INFO][OPRAEL.py:423] Iter 406, objectives: [-995.69].
[2023-03-17 01:42:43,799][rl][INFO][OPRAEL.py:375] cost_time:19104.546628
[2023-03-17 01:42:50,719][rl][INFO][OPRAEL.py:423] Iter 407, objectives: [-1373.17].
[2023-03-17 01:42:53,262][rl][INFO][OPRAEL.py:375] cost_time:19114.010262
[2023-03-17 01:43:00,102][rl][INFO][OPRAEL.py:423] Iter 408, objectives: [-1421.85].
[2023-03-17 01:43:02,645][rl][INFO][OPRAEL.py:375] cost_time:19123.392487
[2023-03-17 01:43:08,600][rl][INFO][OPRAEL.py:423] Iter 409, objectives: [-1774.72].
[2023-03-17 01:43:11,489][rl][INFO][OPRAEL.py:375] cost_time:19132.236745
[2023-03-17 01:43:25,233][rl][INFO][OPRAEL.py:423] Iter 410, objectives: [-524.25].
[2023-03-17 01:43:27,647][rl][INFO][OPRAEL.py:375] cost_time:19148.395111
[2023-03-17 01:43:36,559][rl][INFO][OPRAEL.py:423] Iter 411, objectives: [-1077.7].
[2023-03-17 01:43:39,047][rl][INFO][OPRAEL.py:375] cost_time:19159.794876
[2023-03-17 01:43:44,633][rl][INFO][OPRAEL.py:423] Iter 412, objectives: [-1941.03].
[2023-03-17 01:43:47,205][rl][INFO][OPRAEL.py:375] cost_time:19167.952593
[2023-03-17 01:44:13,812][rl][INFO][OPRAEL.py:423] Iter 413, objectives: [-245.32].
[2023-03-17 01:44:16,483][rl][INFO][OPRAEL.py:375] cost_time:19197.230870
[2023-03-17 01:44:27,712][rl][INFO][OPRAEL.py:423] Iter 414, objectives: [-1257.01].
[2023-03-17 01:44:29,754][rl][INFO][OPRAEL.py:375] cost_time:19210.501509
[2023-03-17 01:44:38,059][rl][INFO][OPRAEL.py:423] Iter 415, objectives: [-1235.13].
[2023-03-17 01:44:40,632][rl][INFO][OPRAEL.py:375] cost_time:19221.379488
[2023-03-17 01:44:48,670][rl][INFO][OPRAEL.py:423] Iter 416, objectives: [-1099.12].
[2023-03-17 01:44:50,955][rl][INFO][OPRAEL.py:375] cost_time:19231.702533
[2023-03-17 01:44:57,239][rl][INFO][OPRAEL.py:423] Iter 417, objectives: [-1700.8].
[2023-03-17 01:44:57,242][rl][INFO][bo_advisor.py:365] Sample random config. rand_prob=0.100000.
[2023-03-17 01:44:57,415][rl][INFO][OPRAEL.py:375] cost_time:19238.162777
[2023-03-17 01:45:15,993][rl][INFO][OPRAEL.py:423] Iter 418, objectives: [-384.97].
[2023-03-17 01:45:17,989][rl][INFO][OPRAEL.py:375] cost_time:19258.736826
[2023-03-17 01:45:26,639][rl][INFO][OPRAEL.py:423] Iter 419, objectives: [-1305.47].
[2023-03-17 01:45:28,709][rl][INFO][OPRAEL.py:375] cost_time:19269.456613
[2023-03-17 01:45:36,508][rl][INFO][OPRAEL.py:423] Iter 420, objectives: [-1187.04].
[2023-03-17 01:45:36,511][rl][INFO][bo_advisor.py:365] Sample random config. rand_prob=0.100000.
[2023-03-17 01:45:36,960][rl][INFO][OPRAEL.py:375] cost_time:19277.708223
[2023-03-17 01:45:48,170][rl][INFO][OPRAEL.py:423] Iter 421, objectives: [-896.54].
[2023-03-17 01:45:50,549][rl][INFO][OPRAEL.py:375] cost_time:19291.296540
[2023-03-17 01:46:17,872][rl][INFO][OPRAEL.py:423] Iter 422, objectives: [-242.37].
[2023-03-17 01:46:20,256][rl][INFO][OPRAEL.py:375] cost_time:19321.003687
[2023-03-17 01:46:34,220][rl][INFO][OPRAEL.py:423] Iter 423, objectives: [-561.8].
[2023-03-17 01:46:36,067][rl][INFO][OPRAEL.py:375] cost_time:19336.815293
[2023-03-17 01:46:55,683][rl][INFO][OPRAEL.py:423] Iter 424, objectives: [-390.28].
[2023-03-17 01:46:57,745][rl][INFO][OPRAEL.py:375] cost_time:19358.493193
[2023-03-17 01:47:08,822][rl][INFO][OPRAEL.py:423] Iter 425, objectives: [-902.01].
[2023-03-17 01:47:11,153][rl][INFO][OPRAEL.py:375] cost_time:19371.900425
[2023-03-17 01:47:18,722][rl][INFO][OPRAEL.py:423] Iter 426, objectives: [-1185.28].
[2023-03-17 01:47:20,994][rl][INFO][OPRAEL.py:375] cost_time:19381.741705
[2023-03-17 01:47:28,089][rl][INFO][OPRAEL.py:423] Iter 427, objectives: [-1304.54].
[2023-03-17 01:47:28,092][rl][INFO][bo_advisor.py:365] Sample random config. rand_prob=0.100000.
[2023-03-17 01:47:28,542][rl][INFO][OPRAEL.py:375] cost_time:19389.290027
[2023-03-17 01:47:38,159][rl][INFO][OPRAEL.py:423] Iter 428, objectives: [-1950.5].
[2023-03-17 01:47:40,173][rl][INFO][OPRAEL.py:375] cost_time:19400.920604
[2023-03-17 01:47:45,970][rl][INFO][OPRAEL.py:423] Iter 429, objectives: [-1816.35].
[2023-03-17 01:47:48,134][rl][INFO][OPRAEL.py:375] cost_time:19408.881786
[2023-03-17 01:47:54,142][rl][INFO][OPRAEL.py:423] Iter 430, objectives: [-1733.67].
[2023-03-17 01:47:56,632][rl][INFO][OPRAEL.py:375] cost_time:19417.379731
[2023-03-17 01:48:04,502][rl][INFO][OPRAEL.py:423] Iter 431, objectives: [-1206.57].
[2023-03-17 01:48:06,730][rl][INFO][OPRAEL.py:375] cost_time:19427.477620
[2023-03-17 01:48:12,939][rl][INFO][OPRAEL.py:423] Iter 432, objectives: [-1639.8].
[2023-03-17 01:48:15,420][rl][INFO][OPRAEL.py:375] cost_time:19436.167705
[2023-03-17 01:48:21,600][rl][INFO][OPRAEL.py:423] Iter 433, objectives: [-1672.0].
[2023-03-17 01:48:24,192][rl][INFO][OPRAEL.py:375] cost_time:19444.940112
[2023-03-17 01:48:51,591][rl][INFO][OPRAEL.py:423] Iter 434, objectives: [-236.3].
[2023-03-17 01:48:51,594][rl][INFO][bo_advisor.py:365] Sample random config. rand_prob=0.100000.
[2023-03-17 01:48:52,048][rl][INFO][OPRAEL.py:375] cost_time:19472.795532
[2023-03-17 01:49:07,119][rl][INFO][OPRAEL.py:423] Iter 435, objectives: [-483.54].
[2023-03-17 01:49:09,606][rl][INFO][OPRAEL.py:375] cost_time:19490.353705
[2023-03-17 01:49:38,448][rl][INFO][OPRAEL.py:423] Iter 436, objectives: [-233.04].
[2023-03-17 01:49:40,865][rl][INFO][OPRAEL.py:375] cost_time:19521.613098
[2023-03-17 01:49:51,129][rl][INFO][OPRAEL.py:423] Iter 437, objectives: [-830.49].
[2023-03-17 01:49:53,304][rl][INFO][OPRAEL.py:375] cost_time:19534.051609
[2023-03-17 01:49:59,743][rl][INFO][OPRAEL.py:423] Iter 438, objectives: [-1545.59].
[2023-03-17 01:50:02,090][rl][INFO][OPRAEL.py:375] cost_time:19542.838182
[2023-03-17 01:50:07,889][rl][INFO][OPRAEL.py:423] Iter 439, objectives: [-1897.56].
[2023-03-17 01:50:10,320][rl][INFO][OPRAEL.py:375] cost_time:19551.068377
[2023-03-17 01:50:16,249][rl][INFO][OPRAEL.py:423] Iter 440, objectives: [-1742.68].
[2023-03-17 01:50:18,597][rl][INFO][OPRAEL.py:375] cost_time:19559.345054
[2023-03-17 01:50:24,112][rl][INFO][OPRAEL.py:423] Iter 441, objectives: [-2034.87].
[2023-03-17 01:50:26,361][rl][INFO][OPRAEL.py:375] cost_time:19567.108412
[2023-03-17 01:50:40,252][rl][INFO][OPRAEL.py:423] Iter 442, objectives: [-518.09].
[2023-03-17 01:50:42,620][rl][INFO][OPRAEL.py:375] cost_time:19583.367691
[2023-03-17 01:50:51,542][rl][INFO][OPRAEL.py:423] Iter 443, objectives: [-1065.09].
[2023-03-17 01:50:54,035][rl][INFO][OPRAEL.py:375] cost_time:19594.782868
[2023-03-17 01:51:02,759][rl][INFO][OPRAEL.py:423] Iter 444, objectives: [-954.23].
[2023-03-17 01:51:04,571][rl][INFO][OPRAEL.py:375] cost_time:19605.318429
[2023-03-17 01:51:11,232][rl][INFO][OPRAEL.py:423] Iter 445, objectives: [-1683.21].
[2023-03-17 01:51:13,287][rl][INFO][OPRAEL.py:375] cost_time:19614.035133
[2023-03-17 01:51:23,432][rl][INFO][OPRAEL.py:423] Iter 446, objectives: [-780.71].
[2023-03-17 01:51:26,284][rl][INFO][OPRAEL.py:375] cost_time:19627.031514
[2023-03-17 01:51:33,592][rl][INFO][OPRAEL.py:423] Iter 447, objectives: [-1315.94].
[2023-03-17 01:51:35,528][rl][INFO][OPRAEL.py:375] cost_time:19636.276179
[2023-03-17 01:51:42,340][rl][INFO][OPRAEL.py:423] Iter 448, objectives: [-1405.06].
[2023-03-17 01:51:44,455][rl][INFO][OPRAEL.py:375] cost_time:19645.203016
[2023-03-17 01:51:50,250][rl][INFO][OPRAEL.py:423] Iter 449, objectives: [-1910.94].
[2023-03-17 01:51:52,476][rl][INFO][OPRAEL.py:375] cost_time:19653.223403
[2023-03-17 01:51:59,113][rl][INFO][OPRAEL.py:423] Iter 450, objectives: [-1647.83].
[2023-03-17 01:52:01,019][rl][INFO][OPRAEL.py:375] cost_time:19661.766644
[2023-03-17 01:52:10,034][rl][INFO][OPRAEL.py:423] Iter 451, objectives: [-921.32].
[2023-03-17 01:52:12,690][rl][INFO][OPRAEL.py:375] cost_time:19673.437859
[2023-03-17 01:52:20,411][rl][INFO][OPRAEL.py:423] Iter 452, objectives: [-1317.53].
[2023-03-17 01:52:22,865][rl][INFO][OPRAEL.py:375] cost_time:19683.612501
[2023-03-17 01:52:30,781][rl][INFO][OPRAEL.py:423] Iter 453, objectives: [-1098.21].
[2023-03-17 01:52:33,471][rl][INFO][OPRAEL.py:375] cost_time:19694.219218
[2023-03-17 01:52:40,894][rl][INFO][OPRAEL.py:423] Iter 454, objectives: [-1617.97].
[2023-03-17 01:52:43,317][rl][INFO][OPRAEL.py:375] cost_time:19704.065002
[2023-03-17 01:52:49,022][rl][INFO][OPRAEL.py:423] Iter 455, objectives: [-1908.63].
[2023-03-17 01:52:51,049][rl][INFO][OPRAEL.py:375] cost_time:19711.796379
[2023-03-17 01:52:56,862][rl][INFO][OPRAEL.py:423] Iter 456, objectives: [-1820.69].
[2023-03-17 01:52:59,265][rl][INFO][OPRAEL.py:375] cost_time:19720.012533
[2023-03-17 01:53:09,762][rl][INFO][OPRAEL.py:423] Iter 457, objectives: [-1787.31].
[2023-03-17 01:53:11,812][rl][INFO][OPRAEL.py:375] cost_time:19732.559464
[2023-03-17 01:53:17,551][rl][INFO][OPRAEL.py:423] Iter 458, objectives: [-1907.71].
[2023-03-17 01:53:19,422][rl][INFO][OPRAEL.py:375] cost_time:19740.169726
[2023-03-17 01:53:26,319][rl][INFO][OPRAEL.py:423] Iter 459, objectives: [-1375.36].
[2023-03-17 01:53:29,091][rl][INFO][OPRAEL.py:375] cost_time:19749.839066
[2023-03-17 01:53:35,013][rl][INFO][OPRAEL.py:423] Iter 460, objectives: [-1825.87].
[2023-03-17 01:53:37,583][rl][INFO][OPRAEL.py:375] cost_time:19758.330549
[2023-03-17 01:53:44,133][rl][INFO][OPRAEL.py:423] Iter 461, objectives: [-1513.8].
[2023-03-17 01:53:46,523][rl][INFO][OPRAEL.py:375] cost_time:19767.271223
[2023-03-17 01:53:52,358][rl][INFO][OPRAEL.py:423] Iter 462, objectives: [-1817.41].
[2023-03-17 01:53:54,704][rl][INFO][OPRAEL.py:375] cost_time:19775.452330
[2023-03-17 01:54:20,732][rl][INFO][OPRAEL.py:423] Iter 463, objectives: [-250.13].
[2023-03-17 01:54:23,433][rl][INFO][OPRAEL.py:375] cost_time:19804.180831
[2023-03-17 01:54:51,071][rl][INFO][OPRAEL.py:423] Iter 464, objectives: [-237.07].
[2023-03-17 01:54:53,363][rl][INFO][OPRAEL.py:375] cost_time:19834.111176
[2023-03-17 01:55:01,280][rl][INFO][OPRAEL.py:423] Iter 465, objectives: [-1144.67].
[2023-03-17 01:55:03,826][rl][INFO][OPRAEL.py:375] cost_time:19844.573547
[2023-03-17 01:55:10,918][rl][INFO][OPRAEL.py:423] Iter 466, objectives: [-1686.35].
[2023-03-17 01:55:13,078][rl][INFO][OPRAEL.py:375] cost_time:19853.825811
[2023-03-17 01:55:18,760][rl][INFO][OPRAEL.py:423] Iter 467, objectives: [-1944.64].
[2023-03-17 01:55:18,763][rl][INFO][bo_advisor.py:365] Sample random config. rand_prob=0.100000.
[2023-03-17 01:55:19,220][rl][INFO][OPRAEL.py:375] cost_time:19859.967709
[2023-03-17 01:55:46,819][rl][INFO][OPRAEL.py:423] Iter 468, objectives: [-250.87].
[2023-03-17 01:55:49,170][rl][INFO][OPRAEL.py:375] cost_time:19889.918364
[2023-03-17 01:55:58,558][rl][INFO][OPRAEL.py:423] Iter 469, objectives: [-1022.12].
[2023-03-17 01:55:58,561][rl][INFO][bo_advisor.py:365] Sample random config. rand_prob=0.100000.
[2023-03-17 01:55:58,737][rl][INFO][OPRAEL.py:375] cost_time:19899.485098
[2023-03-17 01:56:21,448][rl][INFO][OPRAEL.py:423] Iter 470, objectives: [-297.49].
[2023-03-17 01:56:23,578][rl][INFO][OPRAEL.py:375] cost_time:19924.326132
[2023-03-17 01:56:35,350][rl][INFO][OPRAEL.py:423] Iter 471, objectives: [-974.7].
[2023-03-17 01:56:37,696][rl][INFO][OPRAEL.py:375] cost_time:19938.444185
[2023-03-17 01:56:44,761][rl][INFO][OPRAEL.py:423] Iter 472, objectives: [-1374.51].
[2023-03-17 01:56:46,551][rl][INFO][OPRAEL.py:375] cost_time:19947.298990
[2023-03-17 01:56:53,413][rl][INFO][OPRAEL.py:423] Iter 473, objectives: [-1394.02].
[2023-03-17 01:56:55,443][rl][INFO][OPRAEL.py:375] cost_time:19956.191144
[2023-03-17 01:57:01,049][rl][INFO][OPRAEL.py:423] Iter 474, objectives: [-2017.31].
[2023-03-17 01:57:03,751][rl][INFO][OPRAEL.py:375] cost_time:19964.498661
[2023-03-17 01:57:09,700][rl][INFO][OPRAEL.py:423] Iter 475, objectives: [-1811.83].
[2023-03-17 01:57:11,946][rl][INFO][OPRAEL.py:375] cost_time:19972.693526
[2023-03-17 01:57:17,582][rl][INFO][OPRAEL.py:423] Iter 476, objectives: [-1955.67].
[2023-03-17 01:57:19,835][rl][INFO][OPRAEL.py:375] cost_time:19980.583152
[2023-03-17 01:57:25,402][rl][INFO][OPRAEL.py:423] Iter 477, objectives: [-1994.91].
[2023-03-17 01:57:27,508][rl][INFO][OPRAEL.py:375] cost_time:19988.255430
[2023-03-17 01:57:37,398][rl][INFO][OPRAEL.py:423] Iter 478, objectives: [-1812.8].
[2023-03-17 01:57:39,795][rl][INFO][OPRAEL.py:375] cost_time:20000.543297
[2023-03-17 01:57:45,310][rl][INFO][OPRAEL.py:423] Iter 479, objectives: [-2028.89].
[2023-03-17 01:57:47,747][rl][INFO][OPRAEL.py:375] cost_time:20008.494452
[2023-03-17 01:57:53,493][rl][INFO][OPRAEL.py:423] Iter 480, objectives: [-1917.33].
[2023-03-17 01:57:55,764][rl][INFO][OPRAEL.py:375] cost_time:20016.511602
[2023-03-17 01:58:02,162][rl][INFO][OPRAEL.py:423] Iter 481, objectives: [-1555.92].
[2023-03-17 01:58:04,704][rl][INFO][OPRAEL.py:375] cost_time:20025.451574
[2023-03-17 01:58:10,371][rl][INFO][OPRAEL.py:423] Iter 482, objectives: [-1942.48].
[2023-03-17 01:58:12,514][rl][INFO][OPRAEL.py:375] cost_time:20033.262258
[2023-03-17 01:58:19,480][rl][INFO][OPRAEL.py:423] Iter 483, objectives: [-1349.54].
[2023-03-17 01:58:21,729][rl][INFO][OPRAEL.py:375] cost_time:20042.476695
[2023-03-17 01:58:31,989][rl][INFO][OPRAEL.py:423] Iter 484, objectives: [-1219.51].
[2023-03-17 01:58:34,838][rl][INFO][OPRAEL.py:375] cost_time:20055.586040
[2023-03-17 01:58:42,120][rl][INFO][OPRAEL.py:423] Iter 485, objectives: [-1262.54].
[2023-03-17 01:58:42,122][rl][INFO][bo_advisor.py:365] Sample random config. rand_prob=0.100000.
[2023-03-17 01:58:42,583][rl][INFO][OPRAEL.py:375] cost_time:20063.331078
[2023-03-17 01:58:59,469][rl][INFO][OPRAEL.py:423] Iter 486, objectives: [-463.93].
[2023-03-17 01:59:01,811][rl][INFO][OPRAEL.py:375] cost_time:20082.558664
[2023-03-17 01:59:10,842][rl][INFO][OPRAEL.py:423] Iter 487, objectives: [-1240.69].
[2023-03-17 01:59:13,252][rl][INFO][OPRAEL.py:375] cost_time:20093.999714
[2023-03-17 01:59:19,073][rl][INFO][OPRAEL.py:423] Iter 488, objectives: [-1817.19].
[2023-03-17 01:59:21,498][rl][INFO][OPRAEL.py:375] cost_time:20102.245709
[2023-03-17 01:59:28,561][rl][INFO][OPRAEL.py:423] Iter 489, objectives: [-1325.08].
[2023-03-17 01:59:30,790][rl][INFO][OPRAEL.py:375] cost_time:20111.538348
[2023-03-17 01:59:36,802][rl][INFO][OPRAEL.py:423] Iter 490, objectives: [-1734.9].
[2023-03-17 01:59:39,312][rl][INFO][OPRAEL.py:375] cost_time:20120.059847
[2023-03-17 01:59:45,888][rl][INFO][OPRAEL.py:423] Iter 491, objectives: [-1503.61].
[2023-03-17 01:59:48,269][rl][INFO][OPRAEL.py:375] cost_time:20129.017067
[2023-03-17 01:59:56,838][rl][INFO][OPRAEL.py:423] Iter 492, objectives: [-1688.34].
[2023-03-17 01:59:59,274][rl][INFO][OPRAEL.py:375] cost_time:20140.022298
[2023-03-17 02:00:04,826][rl][INFO][OPRAEL.py:423] Iter 493, objectives: [-2042.89].
[2023-03-17 02:00:07,393][rl][INFO][OPRAEL.py:375] cost_time:20148.140786
[2023-03-17 02:00:17,231][rl][INFO][OPRAEL.py:423] Iter 494, objectives: [-1680.25].
[2023-03-17 02:00:19,989][rl][INFO][OPRAEL.py:375] cost_time:20160.737005
[2023-03-17 02:00:27,380][rl][INFO][OPRAEL.py:423] Iter 495, objectives: [-1249.06].
[2023-03-17 02:00:29,735][rl][INFO][OPRAEL.py:375] cost_time:20170.482517
[2023-03-17 02:00:37,029][rl][INFO][OPRAEL.py:423] Iter 496, objectives: [-1530.78].
[2023-03-17 02:00:39,302][rl][INFO][OPRAEL.py:375] cost_time:20180.049521
[2023-03-17 02:01:04,288][rl][INFO][OPRAEL.py:423] Iter 497, objectives: [-271.84].
[2023-03-17 02:01:06,381][rl][INFO][OPRAEL.py:375] cost_time:20207.128403
[2023-03-17 02:01:33,891][rl][INFO][OPRAEL.py:423] Iter 498, objectives: [-238.86].
[2023-03-17 02:01:36,320][rl][INFO][OPRAEL.py:375] cost_time:20237.068017
[2023-03-17 02:01:48,318][rl][INFO][OPRAEL.py:423] Iter 499, objectives: [-1002.4].
[2023-03-17 02:01:50,563][rl][INFO][OPRAEL.py:375] cost_time:20251.310907
[2023-03-17 02:01:57,902][rl][INFO][OPRAEL.py:423] Iter 500, objectives: [-1275.88].
[2023-03-17 02:02:00,352][rl][INFO][OPRAEL.py:375] cost_time:20261.100020
[2023-03-17 02:02:06,072][rl][INFO][OPRAEL.py:423] Iter 501, objectives: [-1871.67].
[2023-03-17 02:02:08,690][rl][INFO][OPRAEL.py:375] cost_time:20269.437639
[2023-03-17 02:02:14,222][rl][INFO][OPRAEL.py:423] Iter 502, objectives: [-2008.63].
[2023-03-17 02:02:16,600][rl][INFO][OPRAEL.py:375] cost_time:20277.347415
[2023-03-17 02:02:25,993][rl][INFO][OPRAEL.py:423] Iter 503, objectives: [-1847.6].
[2023-03-17 02:02:28,393][rl][INFO][OPRAEL.py:375] cost_time:20289.141022
[2023-03-17 02:02:34,024][rl][INFO][OPRAEL.py:423] Iter 504, objectives: [-1922.97].
[2023-03-17 02:02:34,026][rl][INFO][bo_advisor.py:365] Sample random config. rand_prob=0.100000.
[2023-03-17 02:02:34,204][rl][INFO][OPRAEL.py:375] cost_time:20294.952262
[2023-03-17 02:02:56,419][rl][INFO][OPRAEL.py:423] Iter 505, objectives: [-304.56].
[2023-03-17 02:02:58,610][rl][INFO][OPRAEL.py:375] cost_time:20319.357909
[2023-03-17 02:03:07,959][rl][INFO][OPRAEL.py:423] Iter 506, objectives: [-982.53].
[2023-03-17 02:03:09,863][rl][INFO][OPRAEL.py:375] cost_time:20330.611151
[2023-03-17 02:03:17,311][rl][INFO][OPRAEL.py:423] Iter 507, objectives: [-1211.06].
[2023-03-17 02:03:19,744][rl][INFO][OPRAEL.py:375] cost_time:20340.491853
[2023-03-17 02:03:25,590][rl][INFO][OPRAEL.py:423] Iter 508, objectives: [-1808.62].
[2023-03-17 02:03:27,979][rl][INFO][OPRAEL.py:375] cost_time:20348.726845
[2023-03-17 02:03:34,350][rl][INFO][OPRAEL.py:423] Iter 509, objectives: [-2081.98].
[2023-03-17 02:03:34,353][rl][INFO][bo_advisor.py:365] Sample random config. rand_prob=0.100000.
[2023-03-17 02:03:34,809][rl][INFO][OPRAEL.py:375] cost_time:20355.557327
[2023-03-17 02:03:54,688][rl][INFO][OPRAEL.py:423] Iter 510, objectives: [-355.92].
[2023-03-17 02:03:57,414][rl][INFO][OPRAEL.py:375] cost_time:20378.161631
[2023-03-17 02:04:32,813][rl][INFO][OPRAEL.py:423] Iter 511, objectives: [-193.1].
[2023-03-17 02:04:35,291][rl][INFO][OPRAEL.py:375] cost_time:20416.039057
[2023-03-17 02:04:44,110][rl][INFO][OPRAEL.py:423] Iter 512, objectives: [-983.8].
[2023-03-17 02:04:46,590][rl][INFO][OPRAEL.py:375] cost_time:20427.337991
[2023-03-17 02:04:52,660][rl][INFO][OPRAEL.py:423] Iter 513, objectives: [-1704.14].
[2023-03-17 02:04:55,207][rl][INFO][OPRAEL.py:375] cost_time:20435.954782
[2023-03-17 02:05:25,182][rl][INFO][OPRAEL.py:423] Iter 514, objectives: [-257.77].
[2023-03-17 02:05:27,507][rl][INFO][OPRAEL.py:375] cost_time:20468.254450
[2023-03-17 02:05:36,331][rl][INFO][OPRAEL.py:423] Iter 515, objectives: [-993.93].
[2023-03-17 02:05:38,219][rl][INFO][OPRAEL.py:375] cost_time:20478.966753
[2023-03-17 02:05:44,332][rl][INFO][OPRAEL.py:423] Iter 516, objectives: [-1690.89].
[2023-03-17 02:05:46,655][rl][INFO][OPRAEL.py:375] cost_time:20487.402647
[2023-03-17 02:05:52,935][rl][INFO][OPRAEL.py:423] Iter 517, objectives: [-1630.93].
[2023-03-17 02:05:55,263][rl][INFO][OPRAEL.py:375] cost_time:20496.010859
[2023-03-17 02:06:00,802][rl][INFO][OPRAEL.py:423] Iter 518, objectives: [-2007.01].

