[2023-03-14 11:02:36,531][bo][INFO][color_logger.py:203] Logfile: /s3d/logs/bo.log
[2023-03-14 11:02:36,654][bo][INFO][bo_advisor.py:157] [BO auto selection]  surrogate_type: gp. acq_type: ei. acq_optimizer_type: random_scipy.
[2023-03-14 11:03:08,565][bo][INFO][generic_smbo.py:298] Iter 1, objectives: [-256.31].
[2023-03-14 11:03:20,948][bo][INFO][generic_smbo.py:298] Iter 2, objectives: [-641.68].
[2023-03-14 11:03:52,424][bo][INFO][generic_smbo.py:298] Iter 3, objectives: [-205.42].
[2023-03-14 11:04:04,886][bo][INFO][generic_smbo.py:298] Iter 4, objectives: [-1122.96].
[2023-03-14 11:04:15,814][bo][INFO][generic_smbo.py:298] Iter 5, objectives: [-924.57].
[2023-03-14 11:04:25,876][bo][INFO][generic_smbo.py:298] Iter 6, objectives: [-1052.44].
[2023-03-14 11:04:25,878][bo][INFO][bo_advisor.py:365] Sample random config. rand_prob=0.100000.
[2023-03-14 11:04:51,029][bo][INFO][generic_smbo.py:298] Iter 7, objectives: [-277.76].
[2023-03-14 11:05:15,127][bo][INFO][generic_smbo.py:298] Iter 8, objectives: [-654.56].
[2023-03-14 11:05:15,129][bo][INFO][bo_advisor.py:365] Sample random config. rand_prob=0.100000.
[2023-03-14 11:05:23,289][bo][INFO][generic_smbo.py:298] Iter 9, objectives: [-1101.84].
[2023-03-14 11:05:43,730][bo][INFO][generic_smbo.py:298] Iter 10, objectives: [-644.81].
[2023-03-14 11:05:59,829][bo][INFO][generic_smbo.py:298] Iter 11, objectives: [-758.54].
[2023-03-14 11:05:59,831][bo][INFO][bo_advisor.py:365] Sample random config. rand_prob=0.100000.
[2023-03-14 11:13:32,470][bo][INFO][generic_smbo.py:298] Iter 12, objectives: [-13.02].
[2023-03-14 11:13:51,089][bo][INFO][generic_smbo.py:298] Iter 13, objectives: [-1023.84].
[2023-03-14 11:14:04,579][bo][INFO][generic_smbo.py:298] Iter 14, objectives: [-1092.06].
[2023-03-14 11:14:17,730][bo][INFO][generic_smbo.py:298] Iter 15, objectives: [-1196.04].
[2023-03-14 11:14:36,388][bo][INFO][generic_smbo.py:298] Iter 16, objectives: [-835.56].
[2023-03-14 11:14:48,901][bo][INFO][generic_smbo.py:298] Iter 17, objectives: [-906.41].
[2023-03-14 11:15:02,816][bo][INFO][generic_smbo.py:298] Iter 18, objectives: [-1292.78].
[2023-03-14 11:15:15,928][bo][INFO][generic_smbo.py:298] Iter 19, objectives: [-1019.38].
[2023-03-14 11:15:30,559][bo][INFO][generic_smbo.py:298] Iter 20, objectives: [-977.67].
[2023-03-14 11:15:42,958][bo][INFO][generic_smbo.py:298] Iter 21, objectives: [-1174.4].
[2023-03-14 11:16:26,740][bo][INFO][generic_smbo.py:298] Iter 22, objectives: [-182.28].
[2023-03-14 11:16:43,391][bo][INFO][generic_smbo.py:298] Iter 23, objectives: [-641.03].
[2023-03-14 11:16:59,772][bo][INFO][generic_smbo.py:298] Iter 24, objectives: [-1220.8].
[2023-03-14 11:17:15,069][bo][INFO][generic_smbo.py:298] Iter 25, objectives: [-1182.42].
[2023-03-14 11:17:28,605][bo][INFO][generic_smbo.py:298] Iter 26, objectives: [-1051.3].
[2023-03-14 11:17:43,833][bo][INFO][generic_smbo.py:298] Iter 27, objectives: [-870.39].
[2023-03-14 11:17:43,836][bo][INFO][bo_advisor.py:365] Sample random config. rand_prob=0.100000.
[2023-03-14 11:18:01,800][bo][INFO][generic_smbo.py:298] Iter 28, objectives: [-391.92].
[2023-03-14 11:18:22,217][bo][INFO][generic_smbo.py:298] Iter 29, objectives: [-948.0].
[2023-03-14 11:18:40,090][bo][INFO][generic_smbo.py:298] Iter 30, objectives: [-1167.34].
[2023-03-14 11:19:19,524][bo][INFO][generic_smbo.py:298] Iter 31, objectives: [-221.26].
[2023-03-14 11:19:52,901][bo][INFO][generic_smbo.py:298] Iter 32, objectives: [-260.56].
[2023-03-14 11:20:07,467][bo][INFO][generic_smbo.py:298] Iter 33, objectives: [-966.27].
[2023-03-14 11:20:22,155][bo][INFO][generic_smbo.py:298] Iter 34, objectives: [-1094.65].
[2023-03-14 11:20:36,758][bo][INFO][generic_smbo.py:298] Iter 35, objectives: [-1153.67].
[2023-03-14 11:20:51,418][bo][INFO][generic_smbo.py:298] Iter 36, objectives: [-1179.72].
[2023-03-14 11:21:12,748][bo][INFO][generic_smbo.py:298] Iter 37, objectives: [-472.11].
[2023-03-14 11:21:25,211][bo][INFO][generic_smbo.py:298] Iter 38, objectives: [-1275.0].
[2023-03-14 11:21:39,301][bo][INFO][generic_smbo.py:298] Iter 39, objectives: [-1220.3].
[2023-03-14 11:22:08,587][bo][INFO][generic_smbo.py:298] Iter 40, objectives: [-273.12].
[2023-03-14 11:22:25,310][bo][INFO][generic_smbo.py:298] Iter 41, objectives: [-853.99].
[2023-03-14 11:23:10,632][bo][INFO][generic_smbo.py:298] Iter 42, objectives: [-158.12].
[2023-03-14 11:23:31,699][bo][INFO][generic_smbo.py:298] Iter 43, objectives: [-914.89].
[2023-03-14 11:23:47,654][bo][INFO][generic_smbo.py:298] Iter 44, objectives: [-932.04].
[2023-03-14 11:24:04,651][bo][INFO][generic_smbo.py:298] Iter 45, objectives: [-1117.91].
[2023-03-14 11:24:46,014][bo][INFO][generic_smbo.py:298] Iter 46, objectives: [-181.72].
[2023-03-14 11:25:04,779][bo][INFO][generic_smbo.py:298] Iter 47, objectives: [-623.54].
[2023-03-14 11:25:22,852][bo][INFO][generic_smbo.py:298] Iter 48, objectives: [-1186.44].
[2023-03-14 11:25:36,423][bo][INFO][generic_smbo.py:298] Iter 49, objectives: [-1341.47].
[2023-03-14 11:25:49,062][bo][INFO][generic_smbo.py:298] Iter 50, objectives: [-1499.71].
[2023-03-14 11:26:01,160][bo][INFO][generic_smbo.py:298] Iter 51, objectives: [-1701.43].
[2023-03-14 11:26:37,175][bo][INFO][generic_smbo.py:298] Iter 52, objectives: [-245.38].
[2023-03-14 11:26:52,129][bo][INFO][generic_smbo.py:298] Iter 53, objectives: [-877.69].
[2023-03-14 11:27:04,327][bo][INFO][generic_smbo.py:298] Iter 54, objectives: [-1542.76].
[2023-03-14 11:27:20,195][bo][INFO][generic_smbo.py:298] Iter 55, objectives: [-1312.24].
[2023-03-14 11:27:51,064][bo][INFO][generic_smbo.py:298] Iter 56, objectives: [-433.43].
[2023-03-14 11:28:08,392][bo][INFO][generic_smbo.py:298] Iter 57, objectives: [-922.39].
[2023-03-14 11:28:22,583][bo][INFO][generic_smbo.py:298] Iter 58, objectives: [-1317.92].
[2023-03-14 11:28:36,252][bo][INFO][generic_smbo.py:298] Iter 59, objectives: [-1322.36].
[2023-03-14 11:28:50,579][bo][INFO][generic_smbo.py:298] Iter 60, objectives: [-1417.52].
[2023-03-14 11:29:02,882][bo][INFO][generic_smbo.py:298] Iter 61, objectives: [-1443.9].
[2023-03-14 11:29:27,989][bo][INFO][generic_smbo.py:298] Iter 62, objectives: [-922.83].
[2023-03-14 11:29:43,568][bo][INFO][generic_smbo.py:298] Iter 63, objectives: [-1278.25].
[2023-03-14 11:30:02,907][bo][INFO][generic_smbo.py:298] Iter 64, objectives: [-1310.7].
[2023-03-14 11:30:37,717][bo][INFO][generic_smbo.py:298] Iter 65, objectives: [-903.97].
[2023-03-14 11:31:29,517][bo][INFO][generic_smbo.py:298] Iter 66, objectives: [-1024.93].
[2023-03-14 11:32:55,860][bo][INFO][generic_smbo.py:298] Iter 67, objectives: [-947.53].
[2023-03-14 11:32:55,862][bo][INFO][generic_smbo.py:236] Time 1800.000000 elapsed!
