[2023-03-14 17:25:29,908][OPRAEL][INFO][color_logger.py:203] Logfile: /s3d/logs/oprael.log
[2023-03-14 17:25:35,555][OPRAEL][INFO][bo_advisor.py:157] [BO auto selection]  surrogate_type: gp. acq_type: ei. acq_optimizer_type: random_scipy.
[2023-03-14 17:26:11,951][OPRAEL][INFO][OPRAEL.py:420] Iter 1, objectives: [-209.66].
[2023-03-14 17:26:48,021][OPRAEL][INFO][OPRAEL.py:420] Iter 2, objectives: [-199.2].
[2023-03-14 17:27:08,923][OPRAEL][INFO][OPRAEL.py:420] Iter 3, objectives: [-395.47].
[2023-03-14 17:27:27,901][OPRAEL][INFO][OPRAEL.py:420] Iter 4, objectives: [-494.54].
[2023-03-14 17:27:43,077][OPRAEL][INFO][OPRAEL.py:420] Iter 5, objectives: [-578.01].
[2023-03-14 17:28:00,305][OPRAEL][INFO][OPRAEL.py:420] Iter 6, objectives: [-712.23].
[2023-03-14 17:28:14,775][OPRAEL][INFO][OPRAEL.py:420] Iter 7, objectives: [-779.78].
[2023-03-14 17:28:27,744][OPRAEL][INFO][OPRAEL.py:420] Iter 8, objectives: [-882.74].
[2023-03-14 17:28:44,183][OPRAEL][INFO][OPRAEL.py:420] Iter 9, objectives: [-969.48].
[2023-03-14 17:29:01,995][OPRAEL][INFO][OPRAEL.py:420] Iter 10, objectives: [-825.79].
[2023-03-14 17:29:14,303][OPRAEL][INFO][OPRAEL.py:420] Iter 11, objectives: [-974.8].
[2023-03-14 17:29:14,306][OPRAEL][INFO][bo_advisor.py:365] Sample random config. rand_prob=0.100000.
[2023-03-14 17:29:28,743][OPRAEL][INFO][OPRAEL.py:420] Iter 12, objectives: [-606.65].
[2023-03-14 17:29:47,544][OPRAEL][INFO][OPRAEL.py:420] Iter 13, objectives: [-920.45].
[2023-03-14 17:30:12,585][OPRAEL][INFO][OPRAEL.py:420] Iter 14, objectives: [-401.45].
[2023-03-14 17:30:29,869][OPRAEL][INFO][OPRAEL.py:420] Iter 15, objectives: [-814.8].
[2023-03-14 17:30:42,758][OPRAEL][INFO][OPRAEL.py:420] Iter 16, objectives: [-998.33].
[2023-03-14 17:30:56,505][OPRAEL][INFO][OPRAEL.py:420] Iter 17, objectives: [-1019.57].
[2023-03-14 17:31:24,141][OPRAEL][INFO][OPRAEL.py:420] Iter 18, objectives: [-301.34].
[2023-03-14 17:31:40,518][OPRAEL][INFO][OPRAEL.py:420] Iter 19, objectives: [-879.53].
[2023-03-14 17:31:53,248][OPRAEL][INFO][OPRAEL.py:420] Iter 20, objectives: [-1129.89].
[2023-03-14 17:32:05,852][OPRAEL][INFO][OPRAEL.py:420] Iter 21, objectives: [-1170.04].
[2023-03-14 17:32:19,024][OPRAEL][INFO][OPRAEL.py:420] Iter 22, objectives: [-1184.5].
[2023-03-14 17:32:32,006][OPRAEL][INFO][OPRAEL.py:420] Iter 23, objectives: [-1393.57].
[2023-03-14 17:32:45,826][OPRAEL][INFO][OPRAEL.py:420] Iter 24, objectives: [-1328.24].
[2023-03-14 17:32:57,756][OPRAEL][INFO][OPRAEL.py:420] Iter 25, objectives: [-1574.12].
[2023-03-14 17:33:08,866][OPRAEL][INFO][OPRAEL.py:420] Iter 26, objectives: [-1733.66].
[2023-03-14 17:33:08,868][OPRAEL][INFO][bo_advisor.py:365] Sample random config. rand_prob=0.100000.
[2023-03-14 17:33:16,216][OPRAEL][INFO][OPRAEL.py:420] Iter 27, objectives: [-1407.74].
[2023-03-14 17:33:28,268][OPRAEL][INFO][OPRAEL.py:420] Iter 28, objectives: [-1707.08].
[2023-03-14 17:33:40,591][OPRAEL][INFO][OPRAEL.py:420] Iter 29, objectives: [-1429.14].
[2023-03-14 17:33:52,220][OPRAEL][INFO][OPRAEL.py:420] Iter 30, objectives: [-1295.84].
[2023-03-14 17:34:05,892][OPRAEL][INFO][OPRAEL.py:420] Iter 31, objectives: [-1245.98].
[2023-03-14 17:34:22,294][OPRAEL][INFO][OPRAEL.py:420] Iter 32, objectives: [-1401.4].
[2023-03-14 17:34:34,440][OPRAEL][INFO][OPRAEL.py:420] Iter 33, objectives: [-1415.13].
[2023-03-14 17:34:47,788][OPRAEL][INFO][OPRAEL.py:420] Iter 34, objectives: [-1278.11].
[2023-03-14 17:35:01,704][OPRAEL][INFO][OPRAEL.py:420] Iter 35, objectives: [-1293.7].
[2023-03-14 17:35:01,707][OPRAEL][INFO][bo_advisor.py:365] Sample random config. rand_prob=0.100000.
[2023-03-14 17:35:29,190][OPRAEL][INFO][OPRAEL.py:420] Iter 36, objectives: [-345.53].
[2023-03-14 17:35:50,771][OPRAEL][INFO][OPRAEL.py:420] Iter 37, objectives: [-610.82].
[2023-03-14 17:36:04,696][OPRAEL][INFO][OPRAEL.py:420] Iter 38, objectives: [-1186.93].
[2023-03-14 17:36:20,651][OPRAEL][INFO][OPRAEL.py:420] Iter 39, objectives: [-1533.54].
[2023-03-14 17:36:36,306][OPRAEL][INFO][OPRAEL.py:420] Iter 40, objectives: [-808.21].
[2023-03-14 17:36:50,914][OPRAEL][INFO][OPRAEL.py:420] Iter 41, objectives: [-951.23].
[2023-03-14 17:37:03,186][OPRAEL][INFO][OPRAEL.py:420] Iter 42, objectives: [-1271.25].
[2023-03-14 17:37:03,189][OPRAEL][INFO][bo_advisor.py:365] Sample random config. rand_prob=0.100000.
[2023-03-14 17:37:10,630][OPRAEL][INFO][OPRAEL.py:420] Iter 43, objectives: [-1333.72].
[2023-03-14 17:37:23,751][OPRAEL][INFO][OPRAEL.py:420] Iter 44, objectives: [-996.18].
[2023-03-14 17:37:37,852][OPRAEL][INFO][OPRAEL.py:420] Iter 45, objectives: [-1141.44].
[2023-03-14 17:37:37,854][OPRAEL][INFO][bo_advisor.py:365] Sample random config. rand_prob=0.100000.
[2023-03-14 17:37:45,990][OPRAEL][INFO][OPRAEL.py:420] Iter 46, objectives: [-1243.82].
[2023-03-14 17:38:02,237][OPRAEL][INFO][OPRAEL.py:420] Iter 47, objectives: [-770.41].
[2023-03-14 17:38:15,525][OPRAEL][INFO][OPRAEL.py:420] Iter 48, objectives: [-1220.06].
[2023-03-14 17:38:40,205][OPRAEL][INFO][OPRAEL.py:420] Iter 49, objectives: [-353.19].
[2023-03-14 17:38:55,908][OPRAEL][INFO][OPRAEL.py:420] Iter 50, objectives: [-954.81].
[2023-03-14 17:39:07,802][OPRAEL][INFO][OPRAEL.py:420] Iter 51, objectives: [-1488.39].
[2023-03-14 17:39:20,451][OPRAEL][INFO][OPRAEL.py:420] Iter 52, objectives: [-1289.12].
[2023-03-14 17:39:20,453][OPRAEL][INFO][bo_advisor.py:365] Sample random config. rand_prob=0.100000.
[2023-03-14 17:39:20,936][OPRAEL][WARNING][history.py:242] Duplicate configuration detected!
[2023-03-14 17:39:20,937][OPRAEL][WARNING][history.py:242] Duplicate configuration detected!
[2023-03-14 17:39:20,938][OPRAEL][WARNING][history.py:242] Duplicate configuration detected!
[2023-03-14 17:39:20,939][OPRAEL][INFO][OPRAEL.py:420] Iter 53, objectives: [-1220.06].
[2023-03-14 17:39:20,940][OPRAEL][INFO][bo_advisor.py:365] Sample random config. rand_prob=0.100000.
[2023-03-14 17:39:27,864][OPRAEL][INFO][OPRAEL.py:420] Iter 54, objectives: [-1523.66].
[2023-03-14 17:39:41,357][OPRAEL][INFO][OPRAEL.py:420] Iter 55, objectives: [-1484.56].
[2023-03-14 17:40:01,427][OPRAEL][INFO][OPRAEL.py:420] Iter 56, objectives: [-1291.81].
[2023-03-14 17:40:14,276][OPRAEL][INFO][OPRAEL.py:420] Iter 57, objectives: [-1276.76].
[2023-03-14 17:40:19,518][OPRAEL][WARNING][history.py:242] Duplicate configuration detected!
[2023-03-14 17:40:19,519][OPRAEL][WARNING][history.py:242] Duplicate configuration detected!
[2023-03-14 17:40:19,520][OPRAEL][WARNING][history.py:242] Duplicate configuration detected!
[2023-03-14 17:40:19,521][OPRAEL][INFO][OPRAEL.py:420] Iter 58, objectives: [-1186.93].
[2023-03-14 17:40:31,122][OPRAEL][INFO][OPRAEL.py:420] Iter 59, objectives: [-1918.53].
[2023-03-14 17:40:44,847][OPRAEL][INFO][OPRAEL.py:420] Iter 60, objectives: [-1457.29].
[2023-03-14 17:40:59,413][OPRAEL][INFO][OPRAEL.py:420] Iter 61, objectives: [-1583.84].
[2023-03-14 17:41:12,219][OPRAEL][INFO][OPRAEL.py:420] Iter 62, objectives: [-1568.65].
[2023-03-14 17:41:27,757][OPRAEL][INFO][OPRAEL.py:420] Iter 63, objectives: [-1204.58].
[2023-03-14 17:41:43,185][OPRAEL][INFO][OPRAEL.py:420] Iter 64, objectives: [-1314.34].
[2023-03-14 17:41:43,188][OPRAEL][INFO][bo_advisor.py:365] Sample random config. rand_prob=0.100000.
[2023-03-14 17:41:54,842][OPRAEL][INFO][OPRAEL.py:420] Iter 65, objectives: [-863.4].
[2023-03-14 17:42:32,125][OPRAEL][INFO][OPRAEL.py:420] Iter 66, objectives: [-1133.82].
[2023-03-14 17:42:32,128][OPRAEL][INFO][bo_advisor.py:365] Sample random config. rand_prob=0.100000.
[2023-03-14 17:42:44,327][OPRAEL][INFO][OPRAEL.py:420] Iter 67, objectives: [-703.94].
[2023-03-14 17:43:34,402][OPRAEL][INFO][OPRAEL.py:420] Iter 68, objectives: [-913.28].
[2023-03-14 17:44:23,273][OPRAEL][INFO][OPRAEL.py:420] Iter 69, objectives: [-1091.48].
[2023-03-14 17:44:53,476][OPRAEL][INFO][OPRAEL.py:420] Iter 70, objectives: [-1338.34].
[2023-03-14 17:45:34,407][OPRAEL][INFO][OPRAEL.py:420] Iter 71, objectives: [-1465.42].
[2023-03-14 17:46:12,366][OPRAEL][INFO][OPRAEL.py:420] Iter 72, objectives: [-1214.45].
[2023-03-14 17:46:51,889][OPRAEL][INFO][OPRAEL.py:420] Iter 73, objectives: [-972.43].
[2023-03-14 17:47:27,445][OPRAEL][INFO][OPRAEL.py:420] Iter 74, objectives: [-1039.4].
[2023-03-14 17:48:05,074][OPRAEL][INFO][OPRAEL.py:420] Iter 75, objectives: [-1108.72].
[2023-03-14 17:48:05,095][OPRAEL][INFO][bo_advisor.py:365] Sample random config. rand_prob=0.100000.
[2023-03-14 17:48:21,161][OPRAEL][INFO][OPRAEL.py:420] Iter 76, objectives: [-752.92].
[2023-03-14 17:48:57,398][OPRAEL][INFO][OPRAEL.py:420] Iter 77, objectives: [-1054.09].
[2023-03-14 17:48:57,402][OPRAEL][INFO][bo_advisor.py:365] Sample random config. rand_prob=0.100000.
[2023-03-14 17:49:05,669][OPRAEL][INFO][OPRAEL.py:420] Iter 78, objectives: [-1078.0].
[2023-03-14 17:49:42,499][OPRAEL][INFO][OPRAEL.py:420] Iter 79, objectives: [-1017.41].
[2023-03-14 17:50:14,619][OPRAEL][WARNING][history.py:242] Duplicate configuration detected!
[2023-03-14 17:50:14,621][OPRAEL][WARNING][history.py:242] Duplicate configuration detected!
[2023-03-14 17:50:14,622][OPRAEL][WARNING][history.py:242] Duplicate configuration detected!
[2023-03-14 17:50:14,622][OPRAEL][INFO][OPRAEL.py:420] Iter 80, objectives: [-1583.84].
[2023-03-14 17:50:45,959][OPRAEL][WARNING][history.py:242] Duplicate configuration detected!
[2023-03-14 17:50:45,961][OPRAEL][WARNING][history.py:242] Duplicate configuration detected!
[2023-03-14 17:50:45,962][OPRAEL][WARNING][history.py:242] Duplicate configuration detected!
[2023-03-14 17:50:45,962][OPRAEL][INFO][OPRAEL.py:420] Iter 81, objectives: [-1583.84].
[2023-03-14 17:51:24,569][OPRAEL][INFO][OPRAEL.py:420] Iter 82, objectives: [-1205.3].
[2023-03-14 17:52:04,350][OPRAEL][INFO][OPRAEL.py:420] Iter 83, objectives: [-1202.15].
[2023-03-14 17:52:50,773][OPRAEL][INFO][OPRAEL.py:420] Iter 84, objectives: [-1203.99].
[2023-03-14 17:53:28,121][OPRAEL][INFO][OPRAEL.py:420] Iter 85, objectives: [-1209.88].
[2023-03-14 17:54:02,402][OPRAEL][INFO][OPRAEL.py:420] Iter 86, objectives: [-1322.46].
[2023-03-14 17:54:53,085][OPRAEL][INFO][OPRAEL.py:420] Iter 87, objectives: [-1098.23].
[2023-03-14 17:55:33,531][OPRAEL][INFO][OPRAEL.py:420] Iter 88, objectives: [-1983.72].
[2023-03-14 17:56:14,657][OPRAEL][WARNING][OPRAEL.py:390] Timeout: time limit for this evaluation is 5.0s
[2023-03-14 17:56:14,659][OPRAEL][INFO][OPRAEL.py:420] Iter 89, objectives: [inf].
[2023-03-14 17:56:14,661][OPRAEL][INFO][OPRAEL.py:306] Time 1800.000000 elapsed!
